13:48:47  INFO  Reduced model: latent=64  sdf_hidden=128  sdf_layers=4
13:48:47  INFO  Override: lambda_eikonal = 0.0
13:48:47  INFO  === TRAINING: ablation_no_eikonal  (30 epochs) ===
13:48:47  INFO  Device: cuda
13:48:49  INFO  Data: train len=333 (333 objects) / val len=18
13:48:53  INFO  [0/30] step=0  total=21.0645  render=0.2721  perc=0.5480  depth=1.1572  normal=1.2399  eik=0.0000  sdf0=0.4410  sdf_sign=1.4120  sdf_band=1.4152  bg_sdf=0.2139  bg_alpha=0.2881  sil_bce=2.2928  sil_dice=0.6026  hull=0.2208  lface=0.0565  close=0.6699  β=0.250  lr=0.0e+00  —
13:49:00  INFO  [0/30] step=50  total=17.3306  render=0.2435  perc=1.4580  depth=0.6288  normal=0.6989  eik=0.0011  sdf0=0.3366  sdf_sign=1.4118  sdf_band=1.3882  bg_sdf=0.2378  bg_alpha=0.0597  sil_bce=2.2639  sil_dice=0.5384  hull=0.2480  lface=0.1021  close=0.6584  β=0.245  lr=5.0e-05  135.2ms/step
13:49:05  WARNING  non-finite grad norm at step 79 — skipping optimizer step
13:49:10  INFO  [1/30] step=100  total=12.2253  render=0.2716  perc=0.9963  depth=0.4294  normal=1.0283  eik=0.0134  sdf0=0.1882  sdf_sign=1.2415  sdf_band=1.3554  bg_sdf=0.3239  bg_alpha=0.2218  sil_bce=0.6496  sil_dice=0.2556  hull=0.3328  lface=0.0127  close=0.5920  β=0.240  lr=1.0e-04  203.0ms/step
13:49:18  INFO  [1/30] step=150  total=10.7657  render=0.2980  perc=0.6938  depth=0.2101  normal=0.7516  eik=0.0144  sdf0=0.2372  sdf_sign=1.2299  sdf_band=1.3522  bg_sdf=0.2807  bg_alpha=0.1150  sil_bce=0.8215  sil_dice=0.2351  hull=0.2930  lface=0.0579  close=0.6145  β=0.235  lr=1.5e-04  149.1ms/step
13:49:25  INFO  [2/30] step=200  total=13.0345  render=0.3979  perc=3.0071  depth=0.2742  normal=1.2808  eik=0.0471  sdf0=0.1887  sdf_sign=1.2475  sdf_band=1.3427  bg_sdf=0.2926  bg_alpha=0.1519  sil_bce=0.6380  sil_dice=0.1950  hull=0.3069  lface=0.0791  close=0.6258  β=0.230  lr=2.0e-04  154.7ms/step
13:49:31  WARNING  non-finite grad norm at step 230 — skipping optimizer step
13:49:31  WARNING  non-finite grad norm at step 232 — skipping optimizer step
13:49:36  INFO  [3/30] step=250  total=10.3066  render=0.3213  perc=1.4046  depth=0.1849  normal=0.7995  eik=0.0485  sdf0=0.1705  sdf_sign=1.2738  sdf_band=1.2655  bg_sdf=0.2620  bg_alpha=0.1648  sil_bce=0.5860  sil_dice=0.2051  hull=0.2730  lface=0.1223  close=0.6740  β=0.225  lr=2.5e-04  206.1ms/step
13:49:42  INFO  [3/30] step=300  total=9.6528  render=0.5641  perc=0.0055  depth=0.1505  normal=1.2242  eik=0.0209  sdf0=0.2099  sdf_sign=1.4048  sdf_band=1.2922  bg_sdf=0.2313  bg_alpha=0.1050  sil_bce=0.2803  sil_dice=0.1365  hull=0.2421  lface=0.1086  close=0.6984  β=0.220  lr=3.0e-04  128.2ms/step
13:49:49  INFO  [4/30] step=350  total=11.0684  render=0.5536  perc=0.0033  depth=0.4117  normal=1.1380  eik=0.0736  sdf0=0.3003  sdf_sign=1.3803  sdf_band=1.2956  bg_sdf=0.2140  bg_alpha=0.1315  sil_bce=0.4246  sil_dice=0.0900  hull=0.2386  lface=0.0168  close=0.7351  β=0.215  lr=3.5e-04  139.1ms/step
13:49:52  WARNING  non-finite grad norm at step 375 — skipping optimizer step
13:49:54  INFO  [4/30] step=400  total=9.7716  render=0.2933  perc=0.0015  depth=0.1749  normal=1.4171  eik=0.0482  sdf0=0.1996  sdf_sign=1.3300  sdf_band=1.2285  bg_sdf=0.1811  bg_alpha=0.0400  sil_bce=0.3268  sil_dice=0.1185  hull=0.1954  lface=0.0447  close=0.8074  β=0.210  lr=4.0e-04  107.0ms/step
13:49:58  INFO    Val loss: 8.8363
13:49:58  INFO    → Best checkpoint saved
13:50:04  INFO  [5/30] step=450  total=8.2379  render=0.4646  perc=1.3301  depth=0.1754  normal=0.9264  eik=0.0494  sdf0=0.1279  sdf_sign=1.3294  sdf_band=1.2612  bg_sdf=0.1650  bg_alpha=0.0380  sil_bce=0.0498  sil_dice=0.0427  hull=0.1798  lface=0.0225  close=0.8546  β=0.205  lr=4.5e-04  185.6ms/step
13:50:11  INFO  [6/30] step=500  total=9.0184  render=0.4834  perc=0.0000  depth=0.3415  normal=1.1677  eik=0.0939  sdf0=0.1676  sdf_sign=1.3561  sdf_band=1.2799  bg_sdf=0.1318  bg_alpha=0.0345  sil_bce=0.0876  sil_dice=0.0376  hull=0.1508  lface=0.0165  close=1.0261  β=0.200  lr=5.0e-04  140.3ms/step
13:50:19  INFO  [6/30] step=550  total=11.7756  render=0.2784  perc=1.0406  depth=0.1846  normal=1.3134  eik=0.0916  sdf0=0.2335  sdf_sign=1.5084  sdf_band=1.2810  bg_sdf=0.1138  bg_alpha=0.0373  sil_bce=0.8088  sil_dice=0.3744  hull=0.1282  lface=0.0561  close=1.1156  β=0.195  lr=5.0e-04  161.2ms/step
13:50:29  INFO  [7/30] step=600  total=7.5775  render=0.4587  perc=0.0000  depth=0.0873  normal=0.9410  eik=0.0665  sdf0=0.1263  sdf_sign=1.4700  sdf_band=1.2611  bg_sdf=0.1086  bg_alpha=0.0210  sil_bce=0.1535  sil_dice=0.0933  hull=0.1283  lface=0.1291  close=1.0993  β=0.190  lr=5.0e-04  199.9ms/step
13:50:34  INFO  [7/30] step=650  total=8.1867  render=0.3027  perc=1.2272  depth=0.1163  normal=1.0811  eik=0.0642  sdf0=0.1587  sdf_sign=1.3856  sdf_band=1.2059  bg_sdf=0.1043  bg_alpha=0.0280  sil_bce=0.0704  sil_dice=0.0475  hull=0.1262  lface=0.0468  close=1.0800  β=0.185  lr=4.9e-04  111.2ms/step
13:50:41  INFO  [8/30] step=700  total=7.3773  render=0.2707  perc=0.0000  depth=0.0752  normal=1.0568  eik=0.0661  sdf0=0.1661  sdf_sign=1.5249  sdf_band=1.1923  bg_sdf=0.1004  bg_alpha=0.0317  sil_bce=0.0392  sil_dice=0.0249  hull=0.1238  lface=0.0749  close=1.0955  β=0.180  lr=4.9e-04  129.5ms/step
13:50:47  INFO  [9/30] step=750  total=9.8681  render=0.3275  perc=1.3927  depth=0.1522  normal=1.2389  eik=0.0657  sdf0=0.1774  sdf_sign=1.5124  sdf_band=1.2317  bg_sdf=0.0972  bg_alpha=0.0325  sil_bce=0.3290  sil_dice=0.1649  hull=0.1185  lface=0.1056  close=1.1359  β=0.175  lr=4.8e-04  118.4ms/step
13:50:55  INFO  [9/30] step=800  total=7.6710  render=0.4592  perc=0.0000  depth=0.1222  normal=0.9906  eik=0.1340  sdf0=0.2185  sdf_sign=1.5020  sdf_band=1.1653  bg_sdf=0.0802  bg_alpha=0.0530  sil_bce=0.0812  sil_dice=0.0283  hull=0.1013  lface=0.0693  close=1.3376  β=0.170  lr=4.7e-04  156.7ms/step
13:50:59  INFO    Val loss: 7.4496
13:50:59  INFO    → Best checkpoint saved
13:51:03  INFO  [10/30] step=850  total=8.0738  render=0.4078  perc=0.0000  depth=0.1212  normal=1.1706  eik=0.0824  sdf0=0.1869  sdf_sign=1.4600  sdf_band=1.2187  bg_sdf=0.1025  bg_alpha=0.0283  sil_bce=0.0872  sil_dice=0.0711  hull=0.1213  lface=0.0472  close=1.0969  β=0.165  lr=4.6e-04  173.7ms/step
13:51:08  INFO  [10/30] step=900  total=7.7087  render=0.3478  perc=0.0000  depth=0.1365  normal=1.0684  eik=0.0515  sdf0=0.1677  sdf_sign=1.6312  sdf_band=1.1695  bg_sdf=0.0981  bg_alpha=0.0393  sil_bce=0.0213  sil_dice=0.0207  hull=0.1175  lface=0.1208  close=1.1579  β=0.160  lr=4.5e-04  102.1ms/step
13:51:14  INFO  [11/30] step=950  total=6.9490  render=0.4846  perc=0.0000  depth=0.2620  normal=0.6383  eik=0.0733  sdf0=0.1274  sdf_sign=1.3537  sdf_band=1.2340  bg_sdf=0.0943  bg_alpha=0.0382  sil_bce=0.0303  sil_dice=0.0237  hull=0.1222  lface=0.0818  close=1.0767  β=0.155  lr=4.4e-04  116.6ms/step
13:51:20  INFO  [12/30] step=1000  total=7.9434  render=0.4113  perc=0.0059  depth=0.1370  normal=1.2753  eik=0.0741  sdf0=0.1633  sdf_sign=1.2566  sdf_band=1.1863  bg_sdf=0.0902  bg_alpha=0.0222  sil_bce=0.0543  sil_dice=0.0610  hull=0.1064  lface=0.0708  close=1.0606  β=0.150  lr=4.3e-04  112.0ms/step
13:51:25  INFO  [12/30] step=1050  total=7.5196  render=0.3113  perc=0.0000  depth=0.0841  normal=1.2315  eik=0.0528  sdf0=0.1837  sdf_sign=1.3186  sdf_band=1.1256  bg_sdf=0.1097  bg_alpha=0.0269  sil_bce=0.0237  sil_dice=0.0329  hull=0.1220  lface=0.0288  close=0.9977  β=0.145  lr=4.1e-04  98.5ms/step
13:51:30  INFO  [13/30] step=1100  total=8.6657  render=0.6553  perc=0.0000  depth=0.1683  normal=1.3452  eik=0.0734  sdf0=0.1283  sdf_sign=1.4242  sdf_band=1.2866  bg_sdf=0.0901  bg_alpha=0.0358  sil_bce=0.0732  sil_dice=0.0334  hull=0.1254  lface=0.0572  close=1.0967  β=0.140  lr=4.0e-04  111.4ms/step
13:51:35  INFO  [13/30] step=1150  total=7.8233  render=0.3751  perc=0.5597  depth=0.1357  normal=1.1325  eik=0.0708  sdf0=0.1573  sdf_sign=1.4164  sdf_band=1.1246  bg_sdf=0.0884  bg_alpha=0.0335  sil_bce=0.0352  sil_dice=0.0469  hull=0.1006  lface=0.0284  close=1.1592  β=0.135  lr=3.8e-04  98.9ms/step
13:51:41  INFO  [14/30] step=1200  total=8.3569  render=0.5995  perc=0.0059  depth=0.1122  normal=1.4741  eik=0.0600  sdf0=0.1073  sdf_sign=1.3411  sdf_band=1.2466  bg_sdf=0.0942  bg_alpha=0.0251  sil_bce=0.0262  sil_dice=0.0289  hull=0.1119  lface=0.0281  close=1.0808  β=0.130  lr=3.6e-04  111.9ms/step
13:51:46  INFO    Val loss: 7.3904
13:51:46  INFO    → Best checkpoint saved
13:51:48  INFO  [15/30] step=1250  total=7.7916  render=0.4743  perc=0.0000  depth=0.2519  normal=0.9420  eik=0.0768  sdf0=0.1460  sdf_sign=1.4244  sdf_band=1.2183  bg_sdf=0.0787  bg_alpha=0.0122  sil_bce=0.0771  sil_dice=0.0595  hull=0.1052  lface=0.0601  close=1.1323  β=0.124  lr=3.5e-04  145.7ms/step
13:51:53  INFO  [15/30] step=1300  total=7.6928  render=0.4796  perc=0.0353  depth=0.1184  normal=1.1138  eik=0.0709  sdf0=0.1399  sdf_sign=1.3949  sdf_band=1.2369  bg_sdf=0.0966  bg_alpha=0.0287  sil_bce=0.0501  sil_dice=0.0299  hull=0.1253  lface=0.0670  close=1.0702  β=0.119  lr=3.3e-04  99.7ms/step
13:51:58  INFO  [16/30] step=1350  total=8.3193  render=0.4716  perc=0.0000  depth=0.1917  normal=1.2463  eik=0.1072  sdf0=0.1435  sdf_sign=1.3031  sdf_band=1.2723  bg_sdf=0.0871  bg_alpha=0.0372  sil_bce=0.0589  sil_dice=0.0306  hull=0.1167  lface=0.0776  close=1.1377  β=0.114  lr=3.1e-04  108.0ms/step
13:52:03  INFO  [16/30] step=1400  total=7.7682  render=0.4606  perc=0.5542  depth=0.0995  normal=1.2691  eik=0.1532  sdf0=0.1392  sdf_sign=1.1706  sdf_band=1.1394  bg_sdf=0.0760  bg_alpha=0.0302  sil_bce=0.0194  sil_dice=0.0289  hull=0.0959  lface=0.0135  close=1.2170  β=0.109  lr=2.9e-04  97.5ms/step
13:52:09  INFO  [17/30] step=1450  total=8.4693  render=0.3546  perc=1.1205  depth=0.1590  normal=1.2105  eik=0.0951  sdf0=0.1062  sdf_sign=1.2995  sdf_band=1.2547  bg_sdf=0.0875  bg_alpha=0.0192  sil_bce=0.0612  sil_dice=0.0574  hull=0.1089  lface=0.0669  close=1.1090  β=0.104  lr=2.7e-04  112.7ms/step
13:52:14  INFO  [18/30] step=1500  total=8.2891  render=0.5348  perc=0.0000  depth=0.1725  normal=1.2792  eik=0.0836  sdf0=0.1667  sdf_sign=1.3492  sdf_band=1.1914  bg_sdf=0.0964  bg_alpha=0.0403  sil_bce=0.0490  sil_dice=0.0379  hull=0.1202  lface=0.0617  close=1.0178  β=0.099  lr=2.5e-04  107.7ms/step
13:52:19  INFO  [18/30] step=1550  total=8.1275  render=0.4100  perc=1.1127  depth=0.1040  normal=1.0604  eik=0.0851  sdf0=0.1445  sdf_sign=1.5505  sdf_band=1.2112  bg_sdf=0.0897  bg_alpha=0.0313  sil_bce=0.0371  sil_dice=0.0431  hull=0.1114  lface=0.1323  close=1.0936  β=0.094  lr=2.3e-04  99.0ms/step
13:52:25  INFO  [19/30] step=1600  total=8.3374  render=0.5306  perc=1.9926  depth=0.1398  normal=1.0895  eik=0.1261  sdf0=0.1260  sdf_sign=1.1664  sdf_band=1.1541  bg_sdf=0.1003  bg_alpha=0.0385  sil_bce=0.0301  sil_dice=0.0270  hull=0.1242  lface=0.0391  close=0.9797  β=0.089  lr=2.1e-04  112.3ms/step
13:52:30  INFO  [19/30] step=1650  total=7.6362  render=0.3765  perc=0.0000  depth=0.0968  normal=1.1781  eik=0.1522  sdf0=0.1111  sdf_sign=1.4212  sdf_band=1.2061  bg_sdf=0.0941  bg_alpha=0.0235  sil_bce=0.0231  sil_dice=0.0226  hull=0.1198  lface=0.1215  close=1.0625  β=0.084  lr=1.9e-04  96.3ms/step
13:52:32  INFO    Val loss: 7.4882
13:52:37  INFO  [20/30] step=1700  total=8.0174  render=0.6107  perc=0.0000  depth=0.2166  normal=1.1535  eik=0.1391  sdf0=0.1036  sdf_sign=1.3469  sdf_band=1.2304  bg_sdf=0.0830  bg_alpha=0.0229  sil_bce=0.0244  sil_dice=0.0215  hull=0.1141  lface=0.0746  close=1.0538  β=0.079  lr=1.7e-04  142.8ms/step
13:52:42  INFO  [21/30] step=1750  total=9.4015  render=0.3844  perc=0.4404  depth=0.2272  normal=1.4633  eik=0.1159  sdf0=0.1031  sdf_sign=1.5079  sdf_band=1.2659  bg_sdf=0.1007  bg_alpha=0.0421  sil_bce=0.0563  sil_dice=0.0760  hull=0.1203  lface=0.1345  close=1.0400  β=0.074  lr=1.6e-04  109.8ms/step
13:52:47  INFO  [21/30] step=1800  total=7.3976  render=0.5388  perc=0.0000  depth=0.0733  normal=1.0591  eik=0.1459  sdf0=0.1406  sdf_sign=1.4654  sdf_band=1.1817  bg_sdf=0.0925  bg_alpha=0.0242  sil_bce=0.0350  sil_dice=0.0339  hull=0.1289  lface=0.0882  close=1.0053  β=0.069  lr=1.4e-04  98.8ms/step
13:52:53  INFO  [22/30] step=1850  total=8.1989  render=0.5341  perc=1.2928  depth=0.1241  normal=1.0448  eik=0.2342  sdf0=0.1048  sdf_sign=1.2989  sdf_band=1.2536  bg_sdf=0.0977  bg_alpha=0.0165  sil_bce=0.0521  sil_dice=0.0449  hull=0.1244  lface=0.0605  close=1.0218  β=0.064  lr=1.2e-04  108.5ms/step
13:52:58  INFO  [22/30] step=1900  total=8.4576  render=0.3415  perc=0.0048  depth=0.2092  normal=1.3523  eik=0.1345  sdf0=0.0911  sdf_sign=1.3059  sdf_band=1.2854  bg_sdf=0.0913  bg_alpha=0.0175  sil_bce=0.0304  sil_dice=0.0278  hull=0.1263  lface=0.0908  close=0.9663  β=0.059  lr=1.0e-04  97.2ms/step
13:53:03  INFO  [23/30] step=1950  total=9.3274  render=0.3178  perc=1.5789  depth=0.1656  normal=1.3214  eik=0.1810  sdf0=0.0881  sdf_sign=1.4668  sdf_band=1.3043  bg_sdf=0.0811  bg_alpha=0.0081  sil_bce=0.0713  sil_dice=0.0804  hull=0.1189  lface=0.1180  close=1.0446  β=0.054  lr=9.0e-05  109.1ms/step
13:53:08  INFO  [24/30] step=2000  total=8.5264  render=0.5267  perc=2.7790  depth=0.1035  normal=1.0065  eik=0.1876  sdf0=0.1612  sdf_sign=1.2081  sdf_band=1.1744  bg_sdf=0.0866  bg_alpha=0.0227  sil_bce=0.0321  sil_dice=0.0183  hull=0.1279  lface=0.0344  close=0.9733  β=0.049  lr=7.5e-05  108.4ms/step
13:53:13  INFO  [24/30] step=2050  total=8.3599  render=0.4543  perc=0.0000  depth=0.2200  normal=1.2400  eik=0.1947  sdf0=0.0979  sdf_sign=1.2740  sdf_band=1.2348  bg_sdf=0.0997  bg_alpha=0.0206  sil_bce=0.0631  sil_dice=0.0464  hull=0.1287  lface=0.0958  close=1.0092  β=0.044  lr=6.2e-05  95.3ms/step
13:53:16  INFO    Val loss: 7.3164
13:53:17  INFO    → Best checkpoint saved
13:53:21  INFO  [25/30] step=2100  total=8.2381  render=0.4333  perc=0.0000  depth=0.1312  normal=1.4142  eik=0.2158  sdf0=0.1067  sdf_sign=1.2146  sdf_band=1.2315  bg_sdf=0.0940  bg_alpha=0.0180  sil_bce=0.0229  sil_dice=0.0268  hull=0.1230  lface=0.0690  close=1.0090  β=0.039  lr=5.0e-05  149.8ms/step
13:53:26  INFO  [25/30] step=2150  total=8.9407  render=0.6558  perc=1.5884  depth=0.1678  normal=1.2387  eik=0.1668  sdf0=0.0842  sdf_sign=1.3401  sdf_band=1.3016  bg_sdf=0.0867  bg_alpha=0.0146  sil_bce=0.0219  sil_dice=0.0282  hull=0.1204  lface=0.0964  close=1.0261  β=0.034  lr=4.0e-05  98.6ms/step
13:53:31  INFO  [26/30] step=2200  total=8.3456  render=0.5615  perc=0.9984  depth=0.1544  normal=1.1693  eik=0.1724  sdf0=0.0985  sdf_sign=1.2649  sdf_band=1.2588  bg_sdf=0.0859  bg_alpha=0.0179  sil_bce=0.0504  sil_dice=0.0424  hull=0.1191  lface=0.0363  close=0.9935  β=0.029  lr=3.0e-05  107.4ms/step
13:53:36  INFO  [27/30] step=2250  total=7.8934  render=0.4396  perc=1.7026  depth=0.1058  normal=0.9136  eik=0.1546  sdf0=0.1055  sdf_sign=1.3173  sdf_band=1.2456  bg_sdf=0.0930  bg_alpha=0.0155  sil_bce=0.0462  sil_dice=0.0436  hull=0.1292  lface=0.0969  close=0.9903  β=0.024  lr=2.3e-05  108.0ms/step
13:53:41  INFO  [27/30] step=2300  total=8.2147  render=0.4175  perc=0.5564  depth=0.1122  normal=1.2640  eik=0.2108  sdf0=0.1312  sdf_sign=1.3539  sdf_band=1.1979  bg_sdf=0.0998  bg_alpha=0.0160  sil_bce=0.0179  sil_dice=0.0333  hull=0.1253  lface=0.1156  close=1.0099  β=0.019  lr=1.6e-05  97.3ms/step
13:53:47  INFO  [28/30] step=2350  total=7.5142  render=0.6072  perc=0.0000  depth=0.0957  normal=1.1105  eik=0.1857  sdf0=0.0943  sdf_sign=1.2992  sdf_band=1.2336  bg_sdf=0.0930  bg_alpha=0.0223  sil_bce=0.0356  sil_dice=0.0414  hull=0.1273  lface=0.1192  close=1.0082  β=0.014  lr=1.1e-05  106.6ms/step
13:53:51  INFO  [28/30] step=2400  total=9.2378  render=0.3379  perc=1.0276  depth=0.1398  normal=1.5366  eik=0.1648  sdf0=0.1786  sdf_sign=1.3153  sdf_band=1.1970  bg_sdf=0.0941  bg_alpha=0.0170  sil_bce=0.0325  sil_dice=0.0704  hull=0.1128  lface=0.0763  close=1.0331  β=0.009  lr=7.5e-06  96.8ms/step
13:53:57  INFO  [29/30] step=2450  total=7.9270  render=0.4347  perc=0.9940  depth=0.1953  normal=0.8503  eik=0.2086  sdf0=0.1107  sdf_sign=1.4778  sdf_band=1.2407  bg_sdf=0.0886  bg_alpha=0.0170  sil_bce=0.0420  sil_dice=0.0510  hull=0.1202  lface=0.0977  close=1.0274  β=0.004  lr=5.5e-06  111.1ms/step
13:54:02  INFO    Val loss: 7.9387
13:54:02  INFO  === EVALUATING: ablation_no_eikonal ===
13:54:02  INFO  Running: /home/osbo/.conda/envs/prism/bin/python evaluate.py --checkpoint experiments/ablation_no_eikonal/model.pt --out_dir experiments/ablation_no_eikonal/metrics --n_objects 50
Traceback (most recent call last):
  File "/orcd/home/002/osbo/ondemand/6.S058/evaluate.py", line 308, in <module>
    evaluate(
  File "/orcd/home/002/osbo/ondemand/6.S058/evaluate.py", line 123, in evaluate
    model.load_state_dict(ckpt["model"], strict=False)
  File "/home/osbo/.conda/envs/prism/lib/python3.11/site-packages/torch/nn/modules/module.py", line 2639, in load_state_dict
    raise RuntimeError(
RuntimeError: Error(s) in loading state_dict for PRISM:
	size mismatch for encoder.proj.0.weight: copying a param with shape torch.Size([64, 512]) from checkpoint, the shape in current model is torch.Size([128, 512]).
	size mismatch for encoder.proj.0.bias: copying a param with shape torch.Size([64]) from checkpoint, the shape in current model is torch.Size([128]).
	size mismatch for encoder.proj.1.weight: copying a param with shape torch.Size([64]) from checkpoint, the shape in current model is torch.Size([128]).
	size mismatch for encoder.proj.1.bias: copying a param with shape torch.Size([64]) from checkpoint, the shape in current model is torch.Size([128]).
	size mismatch for encoder.feat_proj.weight: copying a param with shape torch.Size([8, 128, 1, 1]) from checkpoint, the shape in current model is torch.Size([16, 128, 1, 1]).
	size mismatch for encoder.feat_proj.bias: copying a param with shape torch.Size([8]) from checkpoint, the shape in current model is torch.Size([16]).
	size mismatch for sdf_mlp.layers.0.weight: copying a param with shape torch.Size([128, 41]) from checkpoint, the shape in current model is torch.Size([256, 49]).
	size mismatch for sdf_mlp.layers.0.bias: copying a param with shape torch.Size([128]) from checkpoint, the shape in current model is torch.Size([256]).
	size mismatch for sdf_mlp.layers.1.weight: copying a param with shape torch.Size([128, 128]) from checkpoint, the shape in current model is torch.Size([256, 256]).
	size mismatch for sdf_mlp.layers.1.bias: copying a param with shape torch.Size([128]) from checkpoint, the shape in current model is torch.Size([256]).
	size mismatch for sdf_mlp.layers.2.weight: copying a param with shape torch.Size([128, 169]) from checkpoint, the shape in current model is torch.Size([256, 256]).
	size mismatch for sdf_mlp.layers.2.bias: copying a param with shape torch.Size([128]) from checkpoint, the shape in current model is torch.Size([256]).
	size mismatch for sdf_mlp.layers.3.weight: copying a param with shape torch.Size([128, 128]) from checkpoint, the shape in current model is torch.Size([256, 256]).
	size mismatch for sdf_mlp.layers.3.bias: copying a param with shape torch.Size([128]) from checkpoint, the shape in current model is torch.Size([256]).
	size mismatch for sdf_mlp.out.weight: copying a param with shape torch.Size([1, 128]) from checkpoint, the shape in current model is torch.Size([1, 256]).
	size mismatch for sdf_mlp.film_gen.weight: copying a param with shape torch.Size([1024, 64]) from checkpoint, the shape in current model is torch.Size([4096, 128]).
	size mismatch for sdf_mlp.film_gen.bias: copying a param with shape torch.Size([1024]) from checkpoint, the shape in current model is torch.Size([4096]).
	size mismatch for brdf_head.net.0.weight: copying a param with shape torch.Size([128, 64]) from checkpoint, the shape in current model is torch.Size([128, 128]).
	size mismatch for light_head.net.0.weight: copying a param with shape torch.Size([128, 64]) from checkpoint, the shape in current model is torch.Size([128, 128]).
13:54:10  ERROR  Command failed with code 1
