13:08:36  INFO  Reduced model: latent=64  sdf_hidden=128  sdf_layers=4
13:08:36  INFO  === TRAINING: ablation_baseline  (30 epochs) ===
13:08:36  INFO  Device: cuda
13:08:38  INFO  Data: train len=333 (333 objects) / val len=18
13:08:40  INFO  [0/30] step=0  total=22.1803  render=0.3525  perc=0.6327  depth=1.1590  normal=1.3063  eik=0.0000  sdf0=0.4328  sdf_sign=1.4248  sdf_band=1.4145  bg_sdf=0.2126  bg_alpha=0.2860  sil_bce=2.5731  sil_dice=0.6492  hull=0.2198  lface=0.0978  close=0.6699  β=0.250  lr=0.0e+00  —
13:08:45  INFO  [0/30] step=50  total=17.8965  render=0.4574  perc=0.8605  depth=0.5647  normal=1.4124  eik=0.0008  sdf0=0.3711  sdf_sign=1.3871  sdf_band=1.3928  bg_sdf=0.2370  bg_alpha=0.0615  sil_bce=2.0108  sil_dice=0.5431  hull=0.2449  lface=0.0446  close=0.6571  β=0.245  lr=5.0e-05  96.3ms/step
13:08:48  WARNING  non-finite grad norm at step 80 — skipping optimizer step
13:08:50  WARNING  non-finite grad norm at step 95 — skipping optimizer step
13:08:50  INFO  [1/30] step=100  total=11.0334  render=0.2878  perc=1.2103  depth=0.3692  normal=0.8614  eik=0.0073  sdf0=0.1793  sdf_sign=1.2792  sdf_band=1.3585  bg_sdf=0.3017  bg_alpha=0.1561  sil_bce=0.4923  sil_dice=0.2235  hull=0.3131  lface=0.0684  close=0.5925  β=0.240  lr=1.0e-04  107.0ms/step
13:08:55  INFO  [1/30] step=150  total=14.1339  render=0.3182  perc=1.7532  depth=0.6647  normal=1.0253  eik=0.0162  sdf0=0.1941  sdf_sign=1.3965  sdf_band=1.3935  bg_sdf=0.3093  bg_alpha=0.1885  sil_bce=0.7927  sil_dice=0.3126  hull=0.3242  lface=0.0212  close=0.5993  β=0.235  lr=1.5e-04  99.5ms/step
13:09:01  INFO  [2/30] step=200  total=11.9905  render=0.3142  perc=1.7795  depth=0.3951  normal=1.1328  eik=0.0820  sdf0=0.1840  sdf_sign=1.2507  sdf_band=1.3418  bg_sdf=0.3225  bg_alpha=0.2445  sil_bce=0.3800  sil_dice=0.1369  hull=0.3409  lface=0.0101  close=0.6039  β=0.230  lr=2.0e-04  110.0ms/step
13:09:06  INFO  [3/30] step=250  total=10.3370  render=0.5377  perc=0.5350  depth=0.2613  normal=1.4525  eik=0.0578  sdf0=0.1708  sdf_sign=1.2560  sdf_band=1.2464  bg_sdf=0.2623  bg_alpha=0.1487  sil_bce=0.1301  sil_dice=0.1051  hull=0.2723  lface=0.0000  close=0.6705  β=0.225  lr=2.5e-04  112.1ms/step
13:09:10  WARNING  non-finite grad norm at step 290 — skipping optimizer step
13:09:11  INFO  [3/30] step=300  total=9.8695  render=0.3829  perc=0.5012  depth=0.1353  normal=1.1953  eik=0.0133  sdf0=0.2020  sdf_sign=1.3741  sdf_band=1.2845  bg_sdf=0.2264  bg_alpha=0.0792  sil_bce=0.3764  sil_dice=0.2418  hull=0.2332  lface=0.0377  close=0.7068  β=0.220  lr=3.0e-04  100.1ms/step
13:09:17  INFO  [4/30] step=350  total=9.2271  render=0.4050  perc=0.0055  depth=0.1406  normal=1.0486  eik=0.0578  sdf0=0.2495  sdf_sign=1.4326  sdf_band=1.2980  bg_sdf=0.1766  bg_alpha=0.0424  sil_bce=0.3617  sil_dice=0.2182  hull=0.1905  lface=0.0725  close=0.8264  β=0.215  lr=3.5e-04  107.5ms/step
13:09:21  WARNING  non-finite grad norm at step 396 — skipping optimizer step
13:09:22  INFO  [4/30] step=400  total=10.5096  render=0.2520  perc=1.8857  depth=0.3581  normal=1.2997  eik=0.1077  sdf0=0.2013  sdf_sign=1.3741  sdf_band=1.2846  bg_sdf=0.1362  bg_alpha=0.0302  sil_bce=0.1219  sil_dice=0.0459  hull=0.1557  lface=0.0411  close=1.0118  β=0.210  lr=4.0e-04  99.9ms/step
13:09:25  INFO    Val loss: 7.6993
13:09:25  INFO    → Best checkpoint saved
13:09:30  INFO  [5/30] step=450  total=8.2710  render=0.4180  perc=0.0000  depth=0.1783  normal=1.1345  eik=0.0653  sdf0=0.1968  sdf_sign=1.5148  sdf_band=1.1808  bg_sdf=0.1320  bg_alpha=0.0533  sil_bce=0.0566  sil_dice=0.0482  hull=0.1437  lface=0.0794  close=1.0717  β=0.205  lr=4.5e-04  159.1ms/step
13:09:35  INFO  [6/30] step=500  total=7.8371  render=0.4660  perc=0.3249  depth=0.1203  normal=1.1073  eik=0.0928  sdf0=0.1281  sdf_sign=1.3627  sdf_band=1.2606  bg_sdf=0.1176  bg_alpha=0.0285  sil_bce=0.0357  sil_dice=0.0173  hull=0.1442  lface=0.0484  close=1.0968  β=0.200  lr=5.0e-04  108.2ms/step
13:09:40  INFO  [6/30] step=550  total=9.1332  render=0.5056  perc=0.0023  depth=0.2248  normal=1.3055  eik=0.0963  sdf0=0.2135  sdf_sign=1.4491  sdf_band=1.2524  bg_sdf=0.1150  bg_alpha=0.0389  sil_bce=0.1195  sil_dice=0.0482  hull=0.1470  lface=0.0382  close=1.0976  β=0.195  lr=5.0e-04  100.3ms/step
13:09:46  INFO  [7/30] step=600  total=7.2870  render=0.3994  perc=1.4970  depth=0.0918  normal=0.6932  eik=0.1021  sdf0=0.1670  sdf_sign=1.3056  sdf_band=1.1871  bg_sdf=0.1057  bg_alpha=0.0396  sil_bce=0.0748  sil_dice=0.0350  hull=0.1404  lface=0.0433  close=1.1178  β=0.190  lr=5.0e-04  110.0ms/step
13:09:50  INFO  [7/30] step=650  total=7.4537  render=0.5025  perc=0.0000  depth=0.0550  normal=1.2480  eik=0.0658  sdf0=0.1761  sdf_sign=1.3076  sdf_band=1.0422  bg_sdf=0.0941  bg_alpha=0.0426  sil_bce=0.0545  sil_dice=0.0522  hull=0.1024  lface=0.0405  close=1.1909  β=0.185  lr=4.9e-04  95.4ms/step
13:09:56  INFO  [8/30] step=700  total=8.3889  render=0.6437  perc=0.0000  depth=0.1768  normal=1.2890  eik=0.0909  sdf0=0.1484  sdf_sign=1.5338  sdf_band=1.1825  bg_sdf=0.0825  bg_alpha=0.0243  sil_bce=0.0395  sil_dice=0.0237  hull=0.1059  lface=0.0484  close=1.1877  β=0.180  lr=4.9e-04  109.9ms/step
13:10:01  INFO  [9/30] step=750  total=7.5665  render=0.4231  perc=0.0000  depth=0.1204  normal=0.9700  eik=0.0801  sdf0=0.2109  sdf_sign=1.3916  sdf_band=1.1996  bg_sdf=0.0849  bg_alpha=0.0285  sil_bce=0.1193  sil_dice=0.0775  hull=0.1164  lface=0.0190  close=1.1432  β=0.175  lr=4.8e-04  108.2ms/step
13:10:06  INFO  [9/30] step=800  total=8.2918  render=0.4837  perc=0.0000  depth=0.1232  normal=1.1948  eik=0.0769  sdf0=0.2524  sdf_sign=1.3796  sdf_band=1.1544  bg_sdf=0.0964  bg_alpha=0.0568  sil_bce=0.1344  sil_dice=0.0400  hull=0.1232  lface=0.0480  close=1.1397  β=0.170  lr=4.7e-04  100.3ms/step
13:10:11  INFO    Val loss: 7.6169
13:10:11  INFO    → Best checkpoint saved
13:10:14  INFO  [10/30] step=850  total=8.1839  render=0.3094  perc=0.0000  depth=0.2611  normal=1.0727  eik=0.0785  sdf0=0.1549  sdf_sign=1.5198  sdf_band=1.2351  bg_sdf=0.0914  bg_alpha=0.0405  sil_bce=0.0367  sil_dice=0.0383  hull=0.1044  lface=0.0544  close=1.1800  β=0.165  lr=4.6e-04  158.6ms/step
13:10:19  INFO  [10/30] step=900  total=9.0428  render=0.4208  perc=0.9685  depth=0.1221  normal=1.3794  eik=0.0762  sdf0=0.1740  sdf_sign=1.5870  sdf_band=1.1695  bg_sdf=0.0864  bg_alpha=0.0261  sil_bce=0.0857  sil_dice=0.0996  hull=0.1002  lface=0.0295  close=1.1748  β=0.160  lr=4.5e-04  95.3ms/step
13:10:24  INFO  [11/30] step=950  total=7.5786  render=0.3170  perc=0.0023  depth=0.1291  normal=1.0604  eik=0.0876  sdf0=0.1568  sdf_sign=1.4304  sdf_band=1.2328  bg_sdf=0.0891  bg_alpha=0.0291  sil_bce=0.0503  sil_dice=0.0402  hull=0.1124  lface=0.0622  close=1.1204  β=0.155  lr=4.4e-04  107.5ms/step
13:10:30  INFO  [12/30] step=1000  total=8.5554  render=0.5563  perc=1.4777  depth=0.1320  normal=1.1571  eik=0.0956  sdf0=0.1569  sdf_sign=1.3245  sdf_band=1.2222  bg_sdf=0.0830  bg_alpha=0.0300  sil_bce=0.0561  sil_dice=0.0353  hull=0.1141  lface=0.0787  close=1.1454  β=0.150  lr=4.3e-04  109.5ms/step
13:10:35  INFO  [12/30] step=1050  total=7.6786  render=0.4244  perc=0.0000  depth=0.2130  normal=0.7602  eik=0.0952  sdf0=0.1699  sdf_sign=1.6711  sdf_band=1.2733  bg_sdf=0.1025  bg_alpha=0.0456  sil_bce=0.0568  sil_dice=0.0337  hull=0.1340  lface=0.1318  close=1.1046  β=0.145  lr=4.1e-04  100.5ms/step
13:10:40  INFO  [13/30] step=1100  total=8.3334  render=0.3690  perc=0.0000  depth=0.1149  normal=1.3480  eik=0.0626  sdf0=0.1448  sdf_sign=1.4621  sdf_band=1.2429  bg_sdf=0.0895  bg_alpha=0.0211  sil_bce=0.0609  sil_dice=0.0966  hull=0.1028  lface=0.1554  close=1.1431  β=0.140  lr=4.0e-04  107.8ms/step
13:10:45  INFO  [13/30] step=1150  total=6.7646  render=0.3346  perc=0.0000  depth=0.0583  normal=0.8605  eik=0.0798  sdf0=0.2470  sdf_sign=1.4871  sdf_band=1.0875  bg_sdf=0.0844  bg_alpha=0.0226  sil_bce=0.0393  sil_dice=0.0459  hull=0.1003  lface=0.1069  close=1.1774  β=0.135  lr=3.8e-04  99.6ms/step
13:10:51  INFO  [14/30] step=1200  total=8.5758  render=0.4552  perc=1.5467  depth=0.1496  normal=1.1381  eik=0.0659  sdf0=0.1336  sdf_sign=1.3455  sdf_band=1.2196  bg_sdf=0.1048  bg_alpha=0.0407  sil_bce=0.0395  sil_dice=0.0287  hull=0.1301  lface=0.1239  close=1.0414  β=0.130  lr=3.6e-04  111.7ms/step
13:10:56  INFO    Val loss: 8.0488
13:10:58  INFO  [15/30] step=1250  total=9.0076  render=0.5358  perc=1.8539  depth=0.1571  normal=1.2511  eik=0.0808  sdf0=0.2413  sdf_sign=1.3082  sdf_band=1.0733  bg_sdf=0.1000  bg_alpha=0.0340  sil_bce=0.0409  sil_dice=0.0205  hull=0.1316  lface=0.0938  close=1.0026  β=0.124  lr=3.5e-04  134.9ms/step
13:11:03  INFO  [15/30] step=1300  total=7.8970  render=0.3224  perc=1.8562  depth=0.1317  normal=0.8315  eik=0.0702  sdf0=0.1513  sdf_sign=1.3783  sdf_band=1.2019  bg_sdf=0.0957  bg_alpha=0.0410  sil_bce=0.0588  sil_dice=0.0454  hull=0.1213  lface=0.0632  close=1.0408  β=0.119  lr=3.3e-04  101.2ms/step
13:11:08  INFO  [16/30] step=1350  total=7.8919  render=0.4351  perc=0.8755  depth=0.1138  normal=1.0726  eik=0.0708  sdf0=0.1536  sdf_sign=1.3400  sdf_band=1.1826  bg_sdf=0.0985  bg_alpha=0.0368  sil_bce=0.0503  sil_dice=0.0459  hull=0.1177  lface=0.0825  close=1.0833  β=0.114  lr=3.1e-04  111.5ms/step
13:11:13  INFO  [16/30] step=1400  total=9.7232  render=0.6144  perc=1.2909  depth=0.2790  normal=1.4348  eik=0.0753  sdf0=0.1223  sdf_sign=1.4370  sdf_band=1.2312  bg_sdf=0.0946  bg_alpha=0.0301  sil_bce=0.0251  sil_dice=0.0303  hull=0.1191  lface=0.0530  close=1.0804  β=0.109  lr=2.9e-04  97.8ms/step
13:11:19  INFO  [17/30] step=1450  total=7.9715  render=0.5465  perc=0.0000  depth=0.0758  normal=1.3844  eik=0.0758  sdf0=0.1244  sdf_sign=1.3141  sdf_band=1.2102  bg_sdf=0.1026  bg_alpha=0.0220  sil_bce=0.0224  sil_dice=0.0261  hull=0.1233  lface=0.0741  close=1.0295  β=0.104  lr=2.7e-04  108.7ms/step
13:11:24  INFO  [18/30] step=1500  total=8.4396  render=0.3148  perc=2.1602  depth=0.1151  normal=1.0853  eik=0.1230  sdf0=0.1493  sdf_sign=1.2753  sdf_band=1.1839  bg_sdf=0.0775  bg_alpha=0.0314  sil_bce=0.0566  sil_dice=0.0510  hull=0.1085  lface=0.0320  close=1.1126  β=0.099  lr=2.5e-04  106.7ms/step
13:11:29  INFO  [18/30] step=1550  total=7.5811  render=0.3839  perc=0.0000  depth=0.1170  normal=1.1663  eik=0.1251  sdf0=0.1097  sdf_sign=1.3537  sdf_band=1.2285  bg_sdf=0.0931  bg_alpha=0.0278  sil_bce=0.0187  sil_dice=0.0197  hull=0.1192  lface=0.0487  close=1.0854  β=0.094  lr=2.3e-04  98.7ms/step
13:11:34  INFO  [19/30] step=1600  total=8.3596  render=0.4432  perc=0.0000  depth=0.2486  normal=1.2290  eik=0.1220  sdf0=0.1093  sdf_sign=1.3261  sdf_band=1.2676  bg_sdf=0.0896  bg_alpha=0.0201  sil_bce=0.0337  sil_dice=0.0256  hull=0.1209  lface=0.0879  close=1.0951  β=0.089  lr=2.1e-04  107.2ms/step
13:11:39  INFO  [19/30] step=1650  total=8.1882  render=0.4721  perc=0.0000  depth=0.1831  normal=1.2954  eik=0.0825  sdf0=0.1035  sdf_sign=1.2703  sdf_band=1.2709  bg_sdf=0.0941  bg_alpha=0.0209  sil_bce=0.0371  sil_dice=0.0434  hull=0.1216  lface=0.0600  close=1.0420  β=0.084  lr=1.9e-04  99.1ms/step
13:11:41  INFO    Val loss: 7.8444
13:11:46  INFO  [20/30] step=1700  total=7.2262  render=0.5846  perc=0.0000  depth=0.1104  normal=1.0195  eik=0.1353  sdf0=0.1278  sdf_sign=1.2400  sdf_band=1.2156  bg_sdf=0.0871  bg_alpha=0.0270  sil_bce=0.0339  sil_dice=0.0294  hull=0.1231  lface=0.0737  close=1.0794  β=0.079  lr=1.7e-04  146.1ms/step
13:11:52  INFO  [21/30] step=1750  total=7.6819  render=0.3369  perc=0.8714  depth=0.1532  normal=0.8101  eik=0.1308  sdf0=0.1894  sdf_sign=1.4701  sdf_band=1.1905  bg_sdf=0.0966  bg_alpha=0.0375  sil_bce=0.0683  sil_dice=0.0409  hull=0.1207  lface=0.0779  close=1.1060  β=0.074  lr=1.6e-04  112.7ms/step
13:11:57  INFO  [21/30] step=1800  total=8.1341  render=0.4613  perc=0.0000  depth=0.0696  normal=1.3950  eik=0.1090  sdf0=0.1503  sdf_sign=1.4831  sdf_band=1.1747  bg_sdf=0.0836  bg_alpha=0.0077  sil_bce=0.0453  sil_dice=0.0581  hull=0.1021  lface=0.0795  close=1.1105  β=0.069  lr=1.4e-04  99.3ms/step
13:12:03  INFO  [22/30] step=1850  total=7.0734  render=0.3365  perc=0.0000  depth=0.0923  normal=0.9914  eik=0.1245  sdf0=0.1451  sdf_sign=1.3216  sdf_band=1.1980  bg_sdf=0.1003  bg_alpha=0.0126  sil_bce=0.0289  sil_dice=0.0302  hull=0.1248  lface=0.0985  close=1.0551  β=0.064  lr=1.2e-04  110.2ms/step
13:12:07  INFO  [22/30] step=1900  total=7.8086  render=0.4519  perc=0.0000  depth=0.1031  normal=1.1420  eik=0.1895  sdf0=0.1053  sdf_sign=1.4248  sdf_band=1.2571  bg_sdf=0.0847  bg_alpha=0.0143  sil_bce=0.0660  sil_dice=0.0405  hull=0.1201  lface=0.1305  close=1.0926  β=0.059  lr=1.0e-04  96.3ms/step
13:12:13  INFO  [23/30] step=1950  total=7.7588  render=0.3831  perc=1.5087  depth=0.0952  normal=1.0120  eik=0.1853  sdf0=0.1114  sdf_sign=1.1735  sdf_band=1.2196  bg_sdf=0.0784  bg_alpha=0.0226  sil_bce=0.0328  sil_dice=0.0223  hull=0.1204  lface=0.0914  close=1.0769  β=0.054  lr=9.0e-05  110.0ms/step
13:12:18  INFO  [24/30] step=2000  total=8.8423  render=0.4540  perc=2.2852  depth=0.1211  normal=1.1382  eik=0.1712  sdf0=0.0826  sdf_sign=1.3289  sdf_band=1.2744  bg_sdf=0.0982  bg_alpha=0.0240  sil_bce=0.0349  sil_dice=0.0292  hull=0.1350  lface=0.1148  close=1.0472  β=0.049  lr=7.5e-05  107.3ms/step
13:12:23  INFO  [24/30] step=2050  total=7.4786  render=0.5045  perc=0.5079  depth=0.0833  normal=1.0397  eik=0.1543  sdf0=0.1343  sdf_sign=1.3381  sdf_band=1.2208  bg_sdf=0.0952  bg_alpha=0.0136  sil_bce=0.0203  sil_dice=0.0318  hull=0.1157  lface=0.0888  close=1.0925  β=0.044  lr=6.2e-05  101.8ms/step
13:12:27  INFO    Val loss: 7.6203
13:12:30  INFO  [25/30] step=2100  total=7.7563  render=0.4991  perc=0.0000  depth=0.0940  normal=1.2628  eik=0.1781  sdf0=0.1776  sdf_sign=1.1922  sdf_band=1.1398  bg_sdf=0.0987  bg_alpha=0.0277  sil_bce=0.0395  sil_dice=0.0371  hull=0.1262  lface=0.0471  close=1.0298  β=0.039  lr=5.0e-05  137.8ms/step
13:12:35  INFO  [25/30] step=2150  total=7.9788  render=0.5776  perc=0.0000  depth=0.1417  normal=1.2264  eik=0.1787  sdf0=0.1096  sdf_sign=1.3058  sdf_band=1.2415  bg_sdf=0.0954  bg_alpha=0.0221  sil_bce=0.0365  sil_dice=0.0270  hull=0.1192  lface=0.0608  close=1.0652  β=0.034  lr=4.0e-05  99.8ms/step
13:12:41  INFO  [26/30] step=2200  total=8.6101  render=0.4086  perc=0.5007  depth=0.1470  normal=1.4553  eik=0.1583  sdf0=0.0877  sdf_sign=1.2223  sdf_band=1.2843  bg_sdf=0.0905  bg_alpha=0.0084  sil_bce=0.0192  sil_dice=0.0378  hull=0.1144  lface=0.1023  close=1.0905  β=0.029  lr=3.0e-05  111.7ms/step
13:12:46  INFO  [27/30] step=2250  total=8.5905  render=0.3876  perc=1.3815  depth=0.1915  normal=1.1604  eik=0.1693  sdf0=0.1045  sdf_sign=1.3094  sdf_band=1.2485  bg_sdf=0.1056  bg_alpha=0.0133  sil_bce=0.0159  sil_dice=0.0272  hull=0.1317  lface=0.0594  close=1.0571  β=0.024  lr=2.3e-05  109.7ms/step
13:12:51  INFO  [27/30] step=2300  total=8.3101  render=0.4304  perc=0.0000  depth=0.1603  normal=1.2929  eik=0.1729  sdf0=0.1047  sdf_sign=1.4395  sdf_band=1.2748  bg_sdf=0.0909  bg_alpha=0.0094  sil_bce=0.0283  sil_dice=0.0270  hull=0.1232  lface=0.1145  close=1.0664  β=0.019  lr=1.6e-05  99.6ms/step
13:12:57  INFO  [28/30] step=2350  total=8.2696  render=0.4866  perc=1.0680  depth=0.1911  normal=0.9396  eik=0.1629  sdf0=0.1842  sdf_sign=1.3130  sdf_band=1.2092  bg_sdf=0.0850  bg_alpha=0.0212  sil_bce=0.1078  sil_dice=0.0602  hull=0.1329  lface=0.0375  close=1.0233  β=0.014  lr=1.1e-05  109.1ms/step
13:13:01  INFO  [28/30] step=2400  total=7.0126  render=0.5010  perc=0.0000  depth=0.1037  normal=0.8424  eik=0.2021  sdf0=0.1810  sdf_sign=1.3956  sdf_band=1.2142  bg_sdf=0.0902  bg_alpha=0.0135  sil_bce=0.0201  sil_dice=0.0336  hull=0.1173  lface=0.1278  close=1.1002  β=0.009  lr=7.5e-06  94.3ms/step
13:13:07  INFO  [29/30] step=2450  total=7.4832  render=0.2676  perc=1.0283  depth=0.1625  normal=0.6960  eik=0.1623  sdf0=0.1363  sdf_sign=1.4618  sdf_band=1.2356  bg_sdf=0.0969  bg_alpha=0.0381  sil_bce=0.0553  sil_dice=0.0508  hull=0.1353  lface=0.1208  close=1.0508  β=0.004  lr=5.5e-06  109.5ms/step
13:13:11  INFO    Val loss: 8.0483
13:13:12  INFO  === EVALUATING: ablation_baseline ===
13:13:12  INFO  Running: /home/osbo/.conda/envs/prism/bin/python evaluate.py --checkpoint experiments/ablation_baseline/model.pt --out_dir experiments/ablation_baseline/metrics --n_objects 50
Traceback (most recent call last):
  File "/orcd/home/002/osbo/ondemand/6.S058/evaluate.py", line 308, in <module>
    evaluate(
  File "/orcd/home/002/osbo/ondemand/6.S058/evaluate.py", line 123, in evaluate
    model.load_state_dict(ckpt["model"], strict=False)
  File "/home/osbo/.conda/envs/prism/lib/python3.11/site-packages/torch/nn/modules/module.py", line 2639, in load_state_dict
    raise RuntimeError(
RuntimeError: Error(s) in loading state_dict for PRISM:
	size mismatch for encoder.proj.0.weight: copying a param with shape torch.Size([64, 512]) from checkpoint, the shape in current model is torch.Size([128, 512]).
	size mismatch for encoder.proj.0.bias: copying a param with shape torch.Size([64]) from checkpoint, the shape in current model is torch.Size([128]).
	size mismatch for encoder.proj.1.weight: copying a param with shape torch.Size([64]) from checkpoint, the shape in current model is torch.Size([128]).
	size mismatch for encoder.proj.1.bias: copying a param with shape torch.Size([64]) from checkpoint, the shape in current model is torch.Size([128]).
	size mismatch for encoder.feat_proj.weight: copying a param with shape torch.Size([8, 128, 1, 1]) from checkpoint, the shape in current model is torch.Size([16, 128, 1, 1]).
	size mismatch for encoder.feat_proj.bias: copying a param with shape torch.Size([8]) from checkpoint, the shape in current model is torch.Size([16]).
	size mismatch for sdf_mlp.layers.0.weight: copying a param with shape torch.Size([128, 41]) from checkpoint, the shape in current model is torch.Size([256, 49]).
	size mismatch for sdf_mlp.layers.0.bias: copying a param with shape torch.Size([128]) from checkpoint, the shape in current model is torch.Size([256]).
	size mismatch for sdf_mlp.layers.1.weight: copying a param with shape torch.Size([128, 128]) from checkpoint, the shape in current model is torch.Size([256, 256]).
	size mismatch for sdf_mlp.layers.1.bias: copying a param with shape torch.Size([128]) from checkpoint, the shape in current model is torch.Size([256]).
	size mismatch for sdf_mlp.layers.2.weight: copying a param with shape torch.Size([128, 169]) from checkpoint, the shape in current model is torch.Size([256, 256]).
	size mismatch for sdf_mlp.layers.2.bias: copying a param with shape torch.Size([128]) from checkpoint, the shape in current model is torch.Size([256]).
	size mismatch for sdf_mlp.layers.3.weight: copying a param with shape torch.Size([128, 128]) from checkpoint, the shape in current model is torch.Size([256, 256]).
	size mismatch for sdf_mlp.layers.3.bias: copying a param with shape torch.Size([128]) from checkpoint, the shape in current model is torch.Size([256]).
	size mismatch for sdf_mlp.out.weight: copying a param with shape torch.Size([1, 128]) from checkpoint, the shape in current model is torch.Size([1, 256]).
	size mismatch for sdf_mlp.film_gen.weight: copying a param with shape torch.Size([1024, 64]) from checkpoint, the shape in current model is torch.Size([4096, 128]).
	size mismatch for sdf_mlp.film_gen.bias: copying a param with shape torch.Size([1024]) from checkpoint, the shape in current model is torch.Size([4096]).
	size mismatch for brdf_head.net.0.weight: copying a param with shape torch.Size([128, 64]) from checkpoint, the shape in current model is torch.Size([128, 128]).
	size mismatch for light_head.net.0.weight: copying a param with shape torch.Size([128, 64]) from checkpoint, the shape in current model is torch.Size([128, 128]).
13:13:18  ERROR  Command failed with code 1
