17:07:28  INFO  Reduced model: latent=64  sdf_hidden=128  sdf_layers=4
17:07:28  INFO  Override: lambda_depth = 0.0
17:07:28  INFO  === TRAINING: ablation_no_depth  (30 epochs) ===
17:07:28  INFO  Device: cuda
17:07:29  INFO  Data: train len=333 (333 objects) / val len=18
17:07:29  INFO  Fresh run: removed stale experiments/ablation_no_depth/model.pt
17:07:31  INFO  [0/30] step=0  total=17.4488  render=0.2061  perc=0.0000  depth=1.1662  normal=1.1896  eik=0.0000  sdf0=0.4105  sdf_sign=1.4179  sdf_band=1.4070  bg_sdf=0.2086  bg_alpha=0.2792  sil_bce=2.7833  sil_dice=0.6566  hull=0.2168  lface=0.0729  close=0.6699  β=0.250  lr=0.0e+00  —
17:07:36  INFO  [0/30] step=50  total=16.6132  render=0.3107  perc=0.0000  depth=0.6502  normal=1.3541  eik=0.0007  sdf0=0.4400  sdf_sign=1.3671  sdf_band=1.3994  bg_sdf=0.2359  bg_alpha=0.0571  sil_bce=2.4795  sil_dice=0.6101  hull=0.2429  lface=0.0499  close=0.6577  β=0.245  lr=5.0e-05  104.8ms/step
17:07:39  WARNING  non-finite grad norm at step 74 — skipping optimizer step
17:07:43  INFO  [1/30] step=100  total=10.7918  render=0.2521  perc=0.0000  depth=0.2699  normal=1.2818  eik=0.0080  sdf0=0.1819  sdf_sign=1.2513  sdf_band=1.3478  bg_sdf=0.3047  bg_alpha=0.1606  sil_bce=0.7578  sil_dice=0.2407  hull=0.3127  lface=0.0342  close=0.5906  β=0.240  lr=1.0e-04  142.6ms/step
17:07:45  WARNING  non-finite grad norm at step 112 — skipping optimizer step
17:07:50  INFO  [1/30] step=150  total=9.9466  render=0.2157  perc=0.0000  depth=0.3826  normal=1.1072  eik=0.0097  sdf0=0.1523  sdf_sign=1.3092  sdf_band=1.3597  bg_sdf=0.2975  bg_alpha=0.1297  sil_bce=0.6509  sil_dice=0.2406  hull=0.3128  lface=0.0100  close=0.5950  β=0.235  lr=1.5e-04  133.2ms/step
17:07:56  INFO  [2/30] step=200  total=9.8881  render=0.2154  perc=0.0000  depth=0.3592  normal=0.8365  eik=0.0293  sdf0=0.1742  sdf_sign=1.2880  sdf_band=1.3497  bg_sdf=0.3053  bg_alpha=0.1707  sil_bce=0.8054  sil_dice=0.2508  hull=0.3173  lface=0.0459  close=0.6197  β=0.230  lr=2.0e-04  117.0ms/step
17:08:02  INFO  [3/30] step=250  total=8.7460  render=0.2702  perc=0.0000  depth=0.3703  normal=1.0235  eik=0.0422  sdf0=0.1520  sdf_sign=1.3287  sdf_band=1.3458  bg_sdf=0.2923  bg_alpha=0.1683  sil_bce=0.2892  sil_dice=0.1375  hull=0.3093  lface=0.0612  close=0.6475  β=0.225  lr=2.5e-04  121.7ms/step
17:08:06  INFO  [3/30] step=300  total=9.2298  render=0.3092  perc=0.0000  depth=0.1777  normal=1.4441  eik=0.0399  sdf0=0.1987  sdf_sign=1.2558  sdf_band=1.2898  bg_sdf=0.2466  bg_alpha=0.0951  sil_bce=0.2280  sil_dice=0.1283  hull=0.2573  lface=0.0259  close=0.6802  β=0.220  lr=3.0e-04  89.7ms/step
17:08:07  WARNING  non-finite grad norm at step 309 — skipping optimizer step
17:08:12  INFO  [4/30] step=350  total=8.5294  render=0.2139  perc=0.0000  depth=0.2394  normal=1.2483  eik=0.0410  sdf0=0.1156  sdf_sign=1.3675  sdf_band=1.2987  bg_sdf=0.2185  bg_alpha=0.0677  sil_bce=0.2265  sil_dice=0.1545  hull=0.2374  lface=0.0428  close=0.7152  β=0.215  lr=3.5e-04  119.7ms/step
17:08:17  INFO  [4/30] step=400  total=8.1197  render=0.2236  perc=0.0000  depth=0.1631  normal=1.1870  eik=0.0756  sdf0=0.1484  sdf_sign=1.3625  sdf_band=1.2675  bg_sdf=0.2067  bg_alpha=0.0619  sil_bce=0.1481  sil_dice=0.0791  hull=0.2283  lface=0.0666  close=0.7476  β=0.210  lr=4.0e-04  97.7ms/step
17:08:20  INFO    Val loss: 9.0517
17:08:20  INFO    → Best checkpoint saved
17:08:25  INFO  [5/30] step=450  total=7.5023  render=0.2288  perc=0.0000  depth=0.1920  normal=0.9578  eik=0.0469  sdf0=0.2308  sdf_sign=1.3597  sdf_band=1.2532  bg_sdf=0.1996  bg_alpha=0.0713  sil_bce=0.1051  sil_dice=0.0645  hull=0.2167  lface=0.0464  close=0.7789  β=0.205  lr=4.5e-04  147.4ms/step
17:08:30  INFO  [6/30] step=500  total=7.2203  render=0.2682  perc=0.0000  depth=0.2521  normal=1.0489  eik=0.0783  sdf0=0.1157  sdf_sign=1.3171  sdf_band=1.2835  bg_sdf=0.1631  bg_alpha=0.0455  sil_bce=0.0510  sil_dice=0.0274  hull=0.1939  lface=0.0571  close=0.8570  β=0.200  lr=5.0e-04  101.4ms/step
17:08:34  INFO  [6/30] step=550  total=9.1230  render=0.2157  perc=0.0000  depth=0.2417  normal=1.2664  eik=0.1230  sdf0=0.3376  sdf_sign=1.3905  sdf_band=1.2338  bg_sdf=0.1300  bg_alpha=0.0723  sil_bce=0.3569  sil_dice=0.0699  hull=0.1662  lface=0.0788  close=1.0752  β=0.195  lr=5.0e-04  87.2ms/step
17:08:39  INFO  [7/30] step=600  total=8.4365  render=0.3022  perc=0.0000  depth=0.1349  normal=1.1860  eik=0.0911  sdf0=0.1616  sdf_sign=1.2683  sdf_band=1.2647  bg_sdf=0.1115  bg_alpha=0.0282  sil_bce=0.3767  sil_dice=0.1275  hull=0.1428  lface=0.0852  close=1.0768  β=0.190  lr=5.0e-04  101.0ms/step
17:08:43  INFO  [7/30] step=650  total=8.5759  render=0.1441  perc=0.0000  depth=0.1339  normal=1.5563  eik=0.0805  sdf0=0.1335  sdf_sign=1.4328  sdf_band=1.2609  bg_sdf=0.1082  bg_alpha=0.0604  sil_bce=0.1165  sil_dice=0.0452  hull=0.1330  lface=0.0408  close=1.1933  β=0.185  lr=4.9e-04  86.8ms/step
17:08:48  INFO  [8/30] step=700  total=8.2805  render=0.2304  perc=0.0000  depth=0.1019  normal=1.4928  eik=0.0744  sdf0=0.2046  sdf_sign=1.5274  sdf_band=1.1662  bg_sdf=0.0898  bg_alpha=0.0286  sil_bce=0.0620  sil_dice=0.0335  hull=0.1147  lface=0.0971  close=1.2528  β=0.180  lr=4.9e-04  98.6ms/step
17:08:53  INFO  [9/30] step=750  total=8.3818  render=0.1864  perc=0.0000  depth=0.2086  normal=1.4916  eik=0.0827  sdf0=0.1787  sdf_sign=1.4936  sdf_band=1.1746  bg_sdf=0.1026  bg_alpha=0.0574  sil_bce=0.0938  sil_dice=0.0512  hull=0.1256  lface=0.0727  close=1.2359  β=0.175  lr=4.8e-04  95.5ms/step
17:08:57  INFO  [9/30] step=800  total=7.3980  render=0.2000  perc=0.0000  depth=0.4138  normal=1.1371  eik=0.0900  sdf0=0.1430  sdf_sign=1.5379  sdf_band=1.2428  bg_sdf=0.0862  bg_alpha=0.0558  sil_bce=0.0561  sil_dice=0.0343  hull=0.1068  lface=0.0679  close=1.3328  β=0.170  lr=4.7e-04  87.4ms/step
17:09:01  INFO    Val loss: 7.1421
17:09:02  INFO    → Best checkpoint saved
17:09:04  INFO  [10/30] step=850  total=7.3733  render=0.1958  perc=0.0000  depth=0.1504  normal=1.2644  eik=0.1283  sdf0=0.2168  sdf_sign=1.2247  sdf_band=1.1245  bg_sdf=0.0694  bg_alpha=0.0526  sil_bce=0.0680  sil_dice=0.0292  hull=0.0910  lface=0.0550  close=1.4332  β=0.165  lr=4.6e-04  136.7ms/step
17:09:07  WARNING  non-finite grad norm at step 887 — skipping optimizer step
17:09:09  INFO  [10/30] step=900  total=7.1312  render=0.1576  perc=0.0000  depth=0.2652  normal=1.2008  eik=0.1127  sdf0=0.1663  sdf_sign=1.2162  sdf_band=1.2060  bg_sdf=0.0753  bg_alpha=0.0469  sil_bce=0.0469  sil_dice=0.0249  hull=0.1037  lface=0.0277  close=1.2961  β=0.160  lr=4.5e-04  85.8ms/step
17:09:14  INFO  [11/30] step=950  total=7.3024  render=0.2463  perc=0.0000  depth=0.5449  normal=1.0612  eik=0.0694  sdf0=0.1023  sdf_sign=1.4567  sdf_band=1.2895  bg_sdf=0.0983  bg_alpha=0.0690  sil_bce=0.0909  sil_dice=0.0651  hull=0.1159  lface=0.0706  close=1.2354  β=0.155  lr=4.4e-04  103.1ms/step
17:09:19  INFO  [12/30] step=1000  total=7.3697  render=0.2227  perc=0.0000  depth=0.1704  normal=1.2477  eik=0.0744  sdf0=0.0992  sdf_sign=1.4598  sdf_band=1.2531  bg_sdf=0.0814  bg_alpha=0.0315  sil_bce=0.0255  sil_dice=0.0390  hull=0.0969  lface=0.0929  close=1.3160  β=0.150  lr=4.3e-04  95.8ms/step
17:09:23  INFO  [12/30] step=1050  total=7.2212  render=0.0989  perc=0.0000  depth=0.2194  normal=1.1600  eik=0.0991  sdf0=0.1337  sdf_sign=1.3620  sdf_band=1.2251  bg_sdf=0.0924  bg_alpha=0.0596  sil_bce=0.0499  sil_dice=0.0369  hull=0.1161  lface=0.0915  close=1.3208  β=0.145  lr=4.1e-04  86.2ms/step
17:09:28  INFO  [13/30] step=1100  total=7.7648  render=0.2009  perc=0.0000  depth=0.1612  normal=1.4354  eik=0.1174  sdf0=0.1719  sdf_sign=1.2864  sdf_band=1.1634  bg_sdf=0.0767  bg_alpha=0.0555  sil_bce=0.0403  sil_dice=0.0303  hull=0.0988  lface=0.0413  close=1.3828  β=0.140  lr=4.0e-04  95.1ms/step
17:09:32  INFO  [13/30] step=1150  total=7.2029  render=0.2039  perc=0.0000  depth=0.1885  normal=1.1541  eik=0.0781  sdf0=0.0965  sdf_sign=1.5268  sdf_band=1.2128  bg_sdf=0.0933  bg_alpha=0.0374  sil_bce=0.0373  sil_dice=0.0677  hull=0.1041  lface=0.0448  close=1.3190  β=0.135  lr=3.8e-04  85.8ms/step
17:09:37  INFO  [14/30] step=1200  total=7.0555  render=0.1285  perc=0.0000  depth=0.1988  normal=1.2422  eik=0.1429  sdf0=0.1247  sdf_sign=1.2194  sdf_band=1.2381  bg_sdf=0.0664  bg_alpha=0.0250  sil_bce=0.0194  sil_dice=0.0189  hull=0.0881  lface=0.0423  close=1.3326  β=0.130  lr=3.6e-04  97.0ms/step
17:09:41  INFO    Val loss: 6.8317
17:09:42  INFO    → Best checkpoint saved
17:09:43  INFO  [15/30] step=1250  total=7.3322  render=0.1943  perc=0.0000  depth=0.1045  normal=1.2893  eik=0.0853  sdf0=0.1732  sdf_sign=1.2462  sdf_band=1.1827  bg_sdf=0.0840  bg_alpha=0.0470  sil_bce=0.0290  sil_dice=0.0225  hull=0.1082  lface=0.0511  close=1.2124  β=0.124  lr=3.5e-04  131.9ms/step
17:09:48  INFO  [15/30] step=1300  total=6.6858  render=0.1241  perc=0.0000  depth=0.1021  normal=0.9471  eik=0.0992  sdf0=0.3062  sdf_sign=1.2223  sdf_band=1.0662  bg_sdf=0.0955  bg_alpha=0.0898  sil_bce=0.0418  sil_dice=0.0229  hull=0.1218  lface=0.0429  close=1.1511  β=0.119  lr=3.3e-04  86.6ms/step
17:09:52  INFO  [16/30] step=1350  total=8.0735  render=0.1723  perc=0.0000  depth=0.2378  normal=1.3317  eik=0.1263  sdf0=0.1317  sdf_sign=1.2957  sdf_band=1.2826  bg_sdf=0.0784  bg_alpha=0.0491  sil_bce=0.1842  sil_dice=0.0467  hull=0.1051  lface=0.0923  close=1.3911  β=0.114  lr=3.1e-04  95.7ms/step
17:09:57  INFO  [16/30] step=1400  total=6.8007  render=0.1843  perc=0.0000  depth=0.3117  normal=1.0841  eik=0.0970  sdf0=0.1232  sdf_sign=1.3300  sdf_band=1.2200  bg_sdf=0.0849  bg_alpha=0.0281  sil_bce=0.0213  sil_dice=0.0297  hull=0.1042  lface=0.0421  close=1.2834  β=0.109  lr=2.9e-04  82.0ms/step
17:10:01  INFO  [17/30] step=1450  total=7.9525  render=0.2215  perc=0.0000  depth=0.2341  normal=1.3728  eik=0.1148  sdf0=0.1144  sdf_sign=1.3205  sdf_band=1.2662  bg_sdf=0.0772  bg_alpha=0.0280  sil_bce=0.1267  sil_dice=0.1289  hull=0.1027  lface=0.0482  close=1.3534  β=0.104  lr=2.7e-04  95.2ms/step
17:10:06  INFO  [18/30] step=1500  total=6.6220  render=0.2546  perc=0.0000  depth=0.1131  normal=0.8388  eik=0.1563  sdf0=0.2379  sdf_sign=1.3758  sdf_band=1.1315  bg_sdf=0.0908  bg_alpha=0.0641  sil_bce=0.0460  sil_dice=0.0261  hull=0.1194  lface=0.0811  close=1.2117  β=0.099  lr=2.5e-04  93.6ms/step
17:10:10  INFO  [18/30] step=1550  total=6.8364  render=0.1460  perc=0.0000  depth=0.2247  normal=1.1076  eik=0.1261  sdf0=0.1102  sdf_sign=1.3384  sdf_band=1.2027  bg_sdf=0.0803  bg_alpha=0.0305  sil_bce=0.0193  sil_dice=0.0183  hull=0.1057  lface=0.0891  close=1.3422  β=0.094  lr=2.3e-04  88.5ms/step
17:10:15  INFO  [19/30] step=1600  total=7.4112  render=0.1336  perc=0.0000  depth=0.1095  normal=1.3310  eik=0.0916  sdf0=0.1177  sdf_sign=1.3290  sdf_band=1.1776  bg_sdf=0.0945  bg_alpha=0.0458  sil_bce=0.0274  sil_dice=0.0407  hull=0.1081  lface=0.0724  close=1.2870  β=0.089  lr=2.1e-04  95.5ms/step
17:10:19  INFO  [19/30] step=1650  total=7.2144  render=0.1788  perc=0.0000  depth=0.2743  normal=1.2294  eik=0.1757  sdf0=0.0737  sdf_sign=1.3380  sdf_band=1.2754  bg_sdf=0.0747  bg_alpha=0.0344  sil_bce=0.0171  sil_dice=0.0213  hull=0.0968  lface=0.0767  close=1.4078  β=0.084  lr=1.9e-04  85.6ms/step
17:10:21  INFO    Val loss: 7.1143
17:10:26  INFO  [20/30] step=1700  total=7.5457  render=0.2384  perc=0.0000  depth=0.1829  normal=1.3133  eik=0.1405  sdf0=0.2007  sdf_sign=1.2530  sdf_band=1.1422  bg_sdf=0.0834  bg_alpha=0.0790  sil_bce=0.0313  sil_dice=0.0401  hull=0.1007  lface=0.0648  close=1.3149  β=0.079  lr=1.7e-04  121.2ms/step
17:10:30  INFO  [21/30] step=1750  total=6.8666  render=0.2148  perc=0.0000  depth=0.5074  normal=1.0423  eik=0.1236  sdf0=0.0688  sdf_sign=1.3939  sdf_band=1.2700  bg_sdf=0.0932  bg_alpha=0.0409  sil_bce=0.0268  sil_dice=0.0275  hull=0.1146  lface=0.0933  close=1.2404  β=0.074  lr=1.6e-04  96.0ms/step
17:10:35  INFO  [21/30] step=1800  total=7.6438  render=0.1480  perc=0.0000  depth=0.1918  normal=1.3327  eik=0.1758  sdf0=0.1531  sdf_sign=1.3328  sdf_band=1.2005  bg_sdf=0.0982  bg_alpha=0.0319  sil_bce=0.0296  sil_dice=0.0322  hull=0.1280  lface=0.1062  close=1.2596  β=0.069  lr=1.4e-04  85.7ms/step
17:10:39  INFO  [22/30] step=1850  total=8.2090  render=0.1999  perc=0.0000  depth=0.1765  normal=1.4063  eik=0.1351  sdf0=0.0861  sdf_sign=1.7153  sdf_band=1.2649  bg_sdf=0.0981  bg_alpha=0.0427  sil_bce=0.0316  sil_dice=0.0305  hull=0.1240  lface=0.1654  close=1.2935  β=0.064  lr=1.2e-04  93.6ms/step
17:10:43  INFO  [22/30] step=1900  total=7.9820  render=0.1588  perc=0.0000  depth=0.1967  normal=1.4978  eik=0.1204  sdf0=0.0868  sdf_sign=1.3121  sdf_band=1.2398  bg_sdf=0.0918  bg_alpha=0.0332  sil_bce=0.0617  sil_dice=0.0716  hull=0.1114  lface=0.0831  close=1.2608  β=0.059  lr=1.0e-04  83.6ms/step
17:10:48  INFO  [23/30] step=1950  total=7.1821  render=0.1544  perc=0.0000  depth=0.1503  normal=1.1109  eik=0.1553  sdf0=0.1105  sdf_sign=1.4631  sdf_band=1.2541  bg_sdf=0.0973  bg_alpha=0.0438  sil_bce=0.0202  sil_dice=0.0242  hull=0.1228  lface=0.1092  close=1.2950  β=0.054  lr=9.0e-05  99.2ms/step
17:10:53  INFO  [24/30] step=2000  total=6.6125  render=0.1366  perc=0.0000  depth=0.2653  normal=0.9611  eik=0.1555  sdf0=0.0995  sdf_sign=1.2404  sdf_band=1.2895  bg_sdf=0.0882  bg_alpha=0.0329  sil_bce=0.0380  sil_dice=0.0548  hull=0.1063  lface=0.1127  close=1.2960  β=0.049  lr=7.5e-05  96.2ms/step
17:10:58  INFO  [24/30] step=2050  total=6.5096  render=0.1803  perc=0.0000  depth=0.1496  normal=0.8814  eik=0.1850  sdf0=0.1162  sdf_sign=1.2515  sdf_band=1.2599  bg_sdf=0.0958  bg_alpha=0.0490  sil_bce=0.0392  sil_dice=0.0280  hull=0.1249  lface=0.0723  close=1.2415  β=0.044  lr=6.2e-05  85.6ms/step
17:11:00  INFO    Val loss: 7.1778
17:11:04  INFO  [25/30] step=2100  total=7.6826  render=0.1885  perc=0.0000  depth=0.2426  normal=1.2890  eik=0.2037  sdf0=0.0866  sdf_sign=1.4826  sdf_band=1.2868  bg_sdf=0.0857  bg_alpha=0.0286  sil_bce=0.0284  sil_dice=0.0349  hull=0.1158  lface=0.1154  close=1.3692  β=0.039  lr=5.0e-05  124.9ms/step
17:11:08  INFO  [25/30] step=2150  total=7.2781  render=0.1838  perc=0.0000  depth=0.3158  normal=1.1119  eik=0.2026  sdf0=0.0728  sdf_sign=1.3655  sdf_band=1.3023  bg_sdf=0.1105  bg_alpha=0.0317  sil_bce=0.0475  sil_dice=0.0499  hull=0.1342  lface=0.1469  close=1.2348  β=0.034  lr=4.0e-05  84.6ms/step
17:11:13  INFO  [26/30] step=2200  total=6.8300  render=0.1756  perc=0.0000  depth=0.2485  normal=1.0562  eik=0.1152  sdf0=0.0979  sdf_sign=1.3220  sdf_band=1.2731  bg_sdf=0.0877  bg_alpha=0.0324  sil_bce=0.0277  sil_dice=0.0294  hull=0.1119  lface=0.0814  close=1.2429  β=0.029  lr=3.0e-05  97.4ms/step
17:11:18  INFO  [27/30] step=2250  total=7.5553  render=0.1950  perc=0.0000  depth=0.1893  normal=1.4022  eik=0.1592  sdf0=0.0621  sdf_sign=1.2740  sdf_band=1.2684  bg_sdf=0.0853  bg_alpha=0.0166  sil_bce=0.0186  sil_dice=0.0287  hull=0.1073  lface=0.0886  close=1.3000  β=0.024  lr=2.3e-05  93.4ms/step
17:11:22  INFO  [27/30] step=2300  total=6.6755  render=0.1718  perc=0.0000  depth=0.1735  normal=1.0766  eik=0.1257  sdf0=0.0659  sdf_sign=1.2258  sdf_band=1.2648  bg_sdf=0.0908  bg_alpha=0.0193  sil_bce=0.0183  sil_dice=0.0318  hull=0.1122  lface=0.0909  close=1.2717  β=0.019  lr=1.6e-05  86.1ms/step
17:11:27  INFO  [28/30] step=2350  total=7.5596  render=0.2398  perc=0.0000  depth=0.2743  normal=1.3643  eik=0.1202  sdf0=0.0829  sdf_sign=1.3346  sdf_band=1.2591  bg_sdf=0.0854  bg_alpha=0.0339  sil_bce=0.0255  sil_dice=0.0367  hull=0.1028  lface=0.0384  close=1.2811  β=0.014  lr=1.1e-05  94.8ms/step
17:11:31  INFO  [28/30] step=2400  total=7.4824  render=0.2024  perc=0.0000  depth=0.3522  normal=1.2591  eik=0.1243  sdf0=0.0783  sdf_sign=1.3129  sdf_band=1.3048  bg_sdf=0.1003  bg_alpha=0.0399  sil_bce=0.0446  sil_dice=0.0584  hull=0.1162  lface=0.1042  close=1.2534  β=0.009  lr=7.5e-06  84.1ms/step
17:11:36  INFO  [29/30] step=2450  total=8.3535  render=0.1263  perc=0.0000  depth=0.2242  normal=1.6093  eik=0.1462  sdf0=0.1530  sdf_sign=1.4475  sdf_band=1.1661  bg_sdf=0.0995  bg_alpha=0.0385  sil_bce=0.0265  sil_dice=0.0351  hull=0.1183  lface=0.1105  close=1.2693  β=0.004  lr=5.5e-06  99.6ms/step
17:11:40  INFO    Val loss: 6.7410
17:11:40  INFO    → Best checkpoint saved
17:11:41  INFO  === EVALUATING: ablation_no_depth ===
17:11:41  INFO  Evaluating 19 test objects → experiments/ablation_no_depth/metrics
17:11:42  INFO  [1/19]  clock_029
17:11:58  INFO    Chamfer ↓ 0.15038   F-Score@0.010 ↑ 0.0000
17:12:03  INFO    PSNR ↑ 11.68 dB  (mean over 5 views)
17:12:03  INFO  [2/19]  box_084
17:12:19  INFO    Chamfer ↓ 0.17759   F-Score@0.010 ↑ 0.0000
17:12:23  INFO    PSNR ↑ 11.98 dB  (mean over 5 views)
17:12:24  INFO  [3/19]  box_076
17:13:49  INFO    Chamfer ↓ 0.30756   F-Score@0.010 ↑ 0.0000
17:13:53  INFO    PSNR ↑ 12.43 dB  (mean over 5 views)
17:13:54  INFO  [4/19]  box_010
17:14:23  INFO    Chamfer ↓ 0.22697   F-Score@0.010 ↑ 0.0000
17:14:28  INFO    PSNR ↑ 11.19 dB  (mean over 5 views)
17:14:28  INFO  [5/19]  bottle_051
17:15:23  INFO    Chamfer ↓ 0.23473   F-Score@0.010 ↑ 0.0000
17:15:28  INFO    PSNR ↑ 11.75 dB  (mean over 5 views)
17:15:28  INFO  [6/19]  bottle_052
17:16:35  INFO    Chamfer ↓ 0.23766   F-Score@0.010 ↑ 0.0000
17:16:40  INFO    PSNR ↑ 13.72 dB  (mean over 5 views)
17:16:40  INFO  [7/19]  chess_022
17:17:10  INFO    Chamfer ↓ 0.20074   F-Score@0.010 ↑ 0.0000
17:17:15  INFO    PSNR ↑ 10.84 dB  (mean over 5 views)
17:17:15  INFO  [8/19]  cup_013
17:17:32  INFO    Chamfer ↓ 0.13170   F-Score@0.010 ↑ 0.0000
17:17:37  INFO    PSNR ↑ 13.22 dB  (mean over 5 views)
17:17:37  INFO  [9/19]  box_007
17:18:15  INFO    Chamfer ↓ 0.27554   F-Score@0.010 ↑ 0.0000
17:18:20  INFO    PSNR ↑ 17.37 dB  (mean over 5 views)
17:18:20  INFO  [10/19]  clock_050
17:18:45  INFO    Chamfer ↓ 0.18269   F-Score@0.010 ↑ 0.0000
17:18:50  INFO    PSNR ↑ 11.68 dB  (mean over 5 views)
17:18:50  INFO  [11/19]  dumbbell_002
17:19:06  INFO    Chamfer ↓ 0.19910   F-Score@0.010 ↑ 0.0000
17:19:11  INFO    PSNR ↑ 19.31 dB  (mean over 5 views)
17:19:11  INFO  [12/19]  box_015
17:19:44  INFO    Chamfer ↓ 0.24867   F-Score@0.010 ↑ 0.0000
17:19:49  INFO    PSNR ↑ 14.71 dB  (mean over 5 views)
17:19:49  INFO  [13/19]  box_036
17:20:38  INFO    Chamfer ↓ 0.23716   F-Score@0.010 ↑ 0.0000
17:20:43  INFO    PSNR ↑ 11.98 dB  (mean over 5 views)
17:20:43  INFO  [14/19]  box_079
17:21:01  INFO    Chamfer ↓ 0.16645   F-Score@0.010 ↑ 0.0000
17:21:06  INFO    PSNR ↑ 12.23 dB  (mean over 5 views)
17:21:06  INFO  [15/19]  box_090
17:21:25  INFO    Chamfer ↓ 0.17800   F-Score@0.010 ↑ 0.0000
17:21:30  INFO    PSNR ↑ 11.25 dB  (mean over 5 views)
17:21:31  INFO  [16/19]  box_105
17:21:51  INFO    Chamfer ↓ 0.20283   F-Score@0.010 ↑ 0.0000
17:21:56  INFO    PSNR ↑ 11.53 dB  (mean over 5 views)
17:21:56  INFO  [17/19]  bottle_048
17:22:35  INFO    Chamfer ↓ 0.20807   F-Score@0.010 ↑ 0.0000
17:22:40  INFO    PSNR ↑ 17.99 dB  (mean over 5 views)
17:22:41  INFO  [18/19]  box_020
17:22:52  INFO    Chamfer ↓ 0.17313   F-Score@0.010 ↑ 0.0000
17:22:57  INFO    PSNR ↑ 12.99 dB  (mean over 5 views)
17:22:57  INFO  [19/19]  cup_038
17:24:02  INFO    Chamfer ↓ 0.23985   F-Score@0.010 ↑ 0.0000
17:24:07  INFO    PSNR ↑ 13.96 dB  (mean over 5 views)
17:24:07  INFO  Saved → experiments/ablation_no_depth/metrics/metrics.json
17:24:07  INFO  === VISUALIZING: ablation_no_depth ===
17:24:07  INFO  Rendering 19 test objects → experiments/ablation_no_depth/visuals
17:24:07  INFO  Rendering clock_029 (5 views) …
17:24:12  INFO    saved experiments/ablation_no_depth/visuals/clock_029.png
17:24:12  INFO  Rendering box_084 (5 views) …
17:24:17  INFO    saved experiments/ablation_no_depth/visuals/box_084.png
17:24:17  INFO  Rendering box_076 (5 views) …
17:24:22  INFO    saved experiments/ablation_no_depth/visuals/box_076.png
17:24:22  INFO  Rendering box_010 (5 views) …
17:24:27  INFO    saved experiments/ablation_no_depth/visuals/box_010.png
17:24:27  INFO  Rendering bottle_051 (5 views) …
17:24:32  INFO    saved experiments/ablation_no_depth/visuals/bottle_051.png
17:24:32  INFO  Rendering bottle_052 (5 views) …
17:24:37  INFO    saved experiments/ablation_no_depth/visuals/bottle_052.png
17:24:37  INFO  Rendering chess_022 (5 views) …
17:24:42  INFO    saved experiments/ablation_no_depth/visuals/chess_022.png
17:24:42  INFO  Rendering cup_013 (5 views) …
17:24:47  INFO    saved experiments/ablation_no_depth/visuals/cup_013.png
17:24:48  INFO  Rendering box_007 (5 views) …
17:24:52  INFO    saved experiments/ablation_no_depth/visuals/box_007.png
17:24:53  INFO  Rendering clock_050 (5 views) …
17:24:58  INFO    saved experiments/ablation_no_depth/visuals/clock_050.png
17:24:58  INFO  === DONE: ablation_no_depth ===  Results in experiments/ablation_no_depth/
