13:30:12  INFO  Reduced model: latent=64  sdf_hidden=128  sdf_layers=4
13:30:12  INFO  Override: lambda_depth = 0.0
13:30:12  INFO  === TRAINING: ablation_no_depth  (30 epochs) ===
13:30:12  INFO  Device: cuda
13:30:38  INFO  Data: train len=333 (333 objects) / val len=18
13:31:10  INFO  [0/30] step=0  total=13.0179  render=0.3418  perc=0.9868  depth=1.0043  normal=1.3165  eik=0.0000  sdf0=0.3958  sdf_sign=1.3533  sdf_band=1.3854  bg_sdf=0.2151  bg_alpha=0.2896  sil_bce=1.0952  sil_dice=0.4933  hull=0.2195  lface=0.0261  close=0.6699  β=0.250  lr=0.0e+00  —
13:33:30  INFO  [0/30] step=50  total=13.1924  render=0.2174  perc=1.7610  depth=0.5398  normal=0.9737  eik=0.0008  sdf0=0.3357  sdf_sign=1.4027  sdf_band=1.3904  bg_sdf=0.2425  bg_alpha=0.0704  sil_bce=1.4472  sil_dice=0.5381  hull=0.2515  lface=0.0416  close=0.6575  β=0.245  lr=5.0e-05  2802.3ms/step
13:34:36  WARNING  non-finite grad norm at step 88 — skipping optimizer step
13:34:44  INFO  [1/30] step=100  total=11.2064  render=0.2652  perc=1.0104  depth=0.4074  normal=1.4810  eik=0.0074  sdf0=0.1748  sdf_sign=1.3006  sdf_band=1.3615  bg_sdf=0.2991  bg_alpha=0.1579  sil_bce=0.5665  sil_dice=0.2295  hull=0.3132  lface=0.0041  close=0.5990  β=0.240  lr=1.0e-04  1477.7ms/step
13:35:07  INFO  [1/30] step=150  total=10.3169  render=0.3910  perc=0.7091  depth=0.4610  normal=1.0657  eik=0.0127  sdf0=0.1733  sdf_sign=1.2997  sdf_band=1.3653  bg_sdf=0.3129  bg_alpha=0.1869  sil_bce=0.6005  sil_dice=0.2274  hull=0.3290  lface=0.0800  close=0.5969  β=0.235  lr=1.5e-04  462.7ms/step
13:35:12  INFO  [2/30] step=200  total=11.0626  render=0.3757  perc=1.3317  depth=0.3536  normal=0.9966  eik=0.0335  sdf0=0.2257  sdf_sign=1.2909  sdf_band=1.3576  bg_sdf=0.2847  bg_alpha=0.1269  sil_bce=0.8493  sil_dice=0.2493  hull=0.2972  lface=0.0269  close=0.6364  β=0.230  lr=2.0e-04  106.7ms/step
13:35:17  INFO  [3/30] step=250  total=9.0318  render=0.3590  perc=0.4594  depth=0.3955  normal=1.2331  eik=0.0353  sdf0=0.1404  sdf_sign=1.3695  sdf_band=1.3486  bg_sdf=0.2712  bg_alpha=0.1266  sil_bce=0.1829  sil_dice=0.1407  hull=0.2832  lface=0.0784  close=0.6584  β=0.225  lr=2.5e-04  104.6ms/step
13:35:19  WARNING  non-finite grad norm at step 265 — skipping optimizer step
13:35:22  INFO  [3/30] step=300  total=8.2081  render=0.3944  perc=0.0037  depth=0.2470  normal=0.9162  eik=0.0598  sdf0=0.2070  sdf_sign=1.2889  sdf_band=1.2714  bg_sdf=0.2600  bg_alpha=0.1465  sil_bce=0.2578  sil_dice=0.0753  hull=0.2822  lface=0.1076  close=0.6732  β=0.220  lr=3.0e-04  98.7ms/step
13:35:28  INFO  [4/30] step=350  total=9.5749  render=0.1702  perc=0.7160  depth=0.2560  normal=1.0755  eik=0.0718  sdf0=0.2422  sdf_sign=1.3365  sdf_band=1.2548  bg_sdf=0.2366  bg_alpha=0.1507  sil_bce=0.4695  sil_dice=0.1430  hull=0.2567  lface=0.0940  close=0.7028  β=0.215  lr=3.5e-04  107.1ms/step
13:35:30  WARNING  non-finite grad norm at step 377 — skipping optimizer step
13:35:33  INFO  [4/30] step=400  total=8.0472  render=0.4043  perc=1.2413  depth=0.1969  normal=0.9841  eik=0.0402  sdf0=0.1601  sdf_sign=1.3062  sdf_band=1.3059  bg_sdf=0.2118  bg_alpha=0.0528  sil_bce=0.0846  sil_dice=0.0696  hull=0.2251  lface=0.0728  close=0.7344  β=0.210  lr=4.0e-04  98.7ms/step
13:35:36  INFO    Val loss: 8.9517
13:35:36  INFO    → Best checkpoint saved
13:35:41  INFO  [5/30] step=450  total=8.0125  render=0.3219  perc=1.0672  depth=0.2082  normal=0.9969  eik=0.0684  sdf0=0.1622  sdf_sign=1.5291  sdf_band=1.2515  bg_sdf=0.1736  bg_alpha=0.0674  sil_bce=0.0693  sil_dice=0.0616  hull=0.1890  lface=0.1236  close=0.8863  β=0.205  lr=4.5e-04  158.1ms/step
13:35:44  WARNING  non-finite grad norm at step 486 — skipping optimizer step
13:35:46  INFO  [6/30] step=500  total=7.9028  render=0.2103  perc=0.6086  depth=0.1249  normal=1.0755  eik=0.0755  sdf0=0.1575  sdf_sign=1.4817  sdf_band=1.2118  bg_sdf=0.1194  bg_alpha=0.0426  sil_bce=0.1633  sil_dice=0.1387  hull=0.1394  lface=0.0858  close=1.0860  β=0.200  lr=5.0e-04  104.7ms/step
13:35:51  INFO  [6/30] step=550  total=7.0823  render=0.3441  perc=0.0000  depth=0.2335  normal=1.0666  eik=0.0953  sdf0=0.1326  sdf_sign=1.5302  sdf_band=1.2279  bg_sdf=0.0817  bg_alpha=0.0216  sil_bce=0.0351  sil_dice=0.0388  hull=0.0978  lface=0.1429  close=1.3422  β=0.195  lr=5.0e-04  98.8ms/step
13:35:56  INFO  [7/30] step=600  total=7.9453  render=0.4098  perc=1.4696  depth=0.1535  normal=1.1276  eik=0.0691  sdf0=0.1159  sdf_sign=1.3510  sdf_band=1.2855  bg_sdf=0.1079  bg_alpha=0.0296  sil_bce=0.0405  sil_dice=0.0304  hull=0.1375  lface=0.0782  close=1.0961  β=0.190  lr=5.0e-04  107.5ms/step
13:36:01  INFO  [7/30] step=650  total=7.8299  render=0.4355  perc=0.0000  depth=0.1130  normal=1.2362  eik=0.0635  sdf0=0.1862  sdf_sign=1.4906  sdf_band=1.2112  bg_sdf=0.0756  bg_alpha=0.0162  sil_bce=0.1302  sil_dice=0.1656  hull=0.0867  lface=0.0867  close=1.3245  β=0.185  lr=4.9e-04  97.2ms/step
13:36:06  INFO  [8/30] step=700  total=7.5128  render=0.3412  perc=0.0059  depth=0.1439  normal=1.1406  eik=0.1282  sdf0=0.2440  sdf_sign=1.3478  sdf_band=1.1352  bg_sdf=0.0910  bg_alpha=0.0867  sil_bce=0.0959  sil_dice=0.0627  hull=0.1053  lface=0.0512  close=1.4139  β=0.180  lr=4.9e-04  107.8ms/step
13:36:12  INFO  [9/30] step=750  total=6.3910  render=0.2652  perc=0.1299  depth=0.1552  normal=0.7634  eik=0.1220  sdf0=0.1437  sdf_sign=1.5199  sdf_band=1.1797  bg_sdf=0.0717  bg_alpha=0.0399  sil_bce=0.0665  sil_dice=0.0400  hull=0.0959  lface=0.0496  close=1.4493  β=0.175  lr=4.8e-04  105.3ms/step
13:36:16  INFO  [9/30] step=800  total=8.3595  render=0.3952  perc=1.5296  depth=0.2256  normal=1.1584  eik=0.0868  sdf0=0.1408  sdf_sign=1.4939  sdf_band=1.2556  bg_sdf=0.0993  bg_alpha=0.0812  sil_bce=0.0700  sil_dice=0.0589  hull=0.1170  lface=0.0513  close=1.2739  β=0.170  lr=4.7e-04  97.7ms/step
13:36:20  INFO    Val loss: 6.9452
13:36:20  INFO    → Best checkpoint saved
13:36:23  INFO  [10/30] step=850  total=7.5389  render=0.4456  perc=0.0000  depth=0.1948  normal=0.8811  eik=0.1316  sdf0=0.2073  sdf_sign=1.2747  sdf_band=1.2635  bg_sdf=0.0618  bg_alpha=0.0097  sil_bce=0.3446  sil_dice=0.2555  hull=0.0867  lface=0.0313  close=1.3826  β=0.165  lr=4.6e-04  131.3ms/step
13:36:28  INFO  [10/30] step=900  total=8.3504  render=0.4666  perc=1.6769  depth=0.1411  normal=1.2378  eik=0.1235  sdf0=0.1425  sdf_sign=1.4102  sdf_band=1.1893  bg_sdf=0.0774  bg_alpha=0.0337  sil_bce=0.0702  sil_dice=0.0420  hull=0.0960  lface=0.0806  close=1.3414  β=0.160  lr=4.5e-04  96.2ms/step
13:36:33  INFO  [11/30] step=950  total=7.8240  render=0.6050  perc=0.0000  depth=0.1942  normal=1.2802  eik=0.1124  sdf0=0.1291  sdf_sign=1.5467  sdf_band=1.2029  bg_sdf=0.0881  bg_alpha=0.0717  sil_bce=0.0426  sil_dice=0.0400  hull=0.1064  lface=0.0993  close=1.3474  β=0.155  lr=4.4e-04  111.7ms/step
13:36:39  INFO  [12/30] step=1000  total=6.9315  render=0.4954  perc=0.0000  depth=0.1016  normal=1.1249  eik=0.0528  sdf0=0.1055  sdf_sign=1.3520  sdf_band=1.1702  bg_sdf=0.1042  bg_alpha=0.0450  sil_bce=0.0155  sil_dice=0.0404  hull=0.1132  lface=0.0546  close=1.2239  β=0.150  lr=4.3e-04  105.3ms/step
13:36:44  INFO  [12/30] step=1050  total=6.8878  render=0.4316  perc=0.0000  depth=0.3912  normal=1.0822  eik=0.0859  sdf0=0.0976  sdf_sign=1.2764  sdf_band=1.2639  bg_sdf=0.0971  bg_alpha=0.0540  sil_bce=0.0185  sil_dice=0.0333  hull=0.1118  lface=0.0471  close=1.2364  β=0.145  lr=4.1e-04  98.7ms/step
13:36:49  INFO  [13/30] step=1100  total=8.4046  render=0.4032  perc=0.0000  depth=0.1422  normal=1.5071  eik=0.1132  sdf0=0.1437  sdf_sign=1.4951  sdf_band=1.2414  bg_sdf=0.0732  bg_alpha=0.0259  sil_bce=0.0907  sil_dice=0.1271  hull=0.0850  lface=0.1248  close=1.4514  β=0.140  lr=4.0e-04  106.4ms/step
13:36:54  INFO  [13/30] step=1150  total=7.3852  render=0.4551  perc=1.1474  depth=0.1465  normal=1.1123  eik=0.0841  sdf0=0.1106  sdf_sign=1.2968  sdf_band=1.1862  bg_sdf=0.0778  bg_alpha=0.0316  sil_bce=0.0220  sil_dice=0.0188  hull=0.1042  lface=0.0547  close=1.2391  β=0.135  lr=3.8e-04  97.9ms/step
13:36:59  INFO  [14/30] step=1200  total=8.2940  render=0.3567  perc=2.4786  depth=0.1770  normal=1.0687  eik=0.1114  sdf0=0.1250  sdf_sign=1.4165  sdf_band=1.2356  bg_sdf=0.0846  bg_alpha=0.0507  sil_bce=0.0413  sil_dice=0.0512  hull=0.1062  lface=0.0679  close=1.3424  β=0.130  lr=3.6e-04  107.8ms/step
13:37:04  INFO    Val loss: 7.3372
13:37:05  INFO  [15/30] step=1250  total=7.7624  render=0.5094  perc=1.6447  depth=0.1253  normal=1.0146  eik=0.0902  sdf0=0.1286  sdf_sign=1.4393  sdf_band=1.2197  bg_sdf=0.0926  bg_alpha=0.0474  sil_bce=0.0284  sil_dice=0.0290  hull=0.1186  lface=0.0789  close=1.1860  β=0.124  lr=3.5e-04  123.1ms/step
13:37:10  INFO  [15/30] step=1300  total=8.2294  render=0.5520  perc=1.9688  depth=0.1733  normal=1.1351  eik=0.0909  sdf0=0.1168  sdf_sign=1.3488  sdf_band=1.2542  bg_sdf=0.0899  bg_alpha=0.0456  sil_bce=0.0406  sil_dice=0.0344  hull=0.1216  lface=0.1106  close=1.2026  β=0.119  lr=3.3e-04  99.1ms/step
13:37:16  INFO  [16/30] step=1350  total=8.2663  render=0.5638  perc=0.0000  depth=0.1146  normal=1.5468  eik=0.0914  sdf0=0.1898  sdf_sign=1.4471  sdf_band=1.1421  bg_sdf=0.0800  bg_alpha=0.0419  sil_bce=0.0397  sil_dice=0.0349  hull=0.0967  lface=0.0650  close=1.2875  β=0.114  lr=3.1e-04  108.9ms/step
13:37:21  INFO  [16/30] step=1400  total=7.4344  render=0.5517  perc=0.0000  depth=0.2581  normal=1.2186  eik=0.1041  sdf0=0.0966  sdf_sign=1.3528  sdf_band=1.2628  bg_sdf=0.0914  bg_alpha=0.0532  sil_bce=0.0447  sil_dice=0.0331  hull=0.1130  lface=0.0575  close=1.2290  β=0.109  lr=2.9e-04  99.1ms/step
13:37:26  INFO  [17/30] step=1450  total=7.4207  render=0.5194  perc=0.9714  depth=0.1227  normal=1.0959  eik=0.1348  sdf0=0.1274  sdf_sign=1.2708  sdf_band=1.1676  bg_sdf=0.0795  bg_alpha=0.0534  sil_bce=0.0414  sil_dice=0.0273  hull=0.1072  lface=0.0496  close=1.2347  β=0.104  lr=2.7e-04  110.6ms/step
13:37:32  INFO  [18/30] step=1500  total=7.2844  render=0.4857  perc=0.0000  depth=0.1841  normal=1.1483  eik=0.1444  sdf0=0.1100  sdf_sign=1.3154  sdf_band=1.2587  bg_sdf=0.0948  bg_alpha=0.0467  sil_bce=0.0486  sil_dice=0.0455  hull=0.1183  lface=0.0688  close=1.2390  β=0.099  lr=2.5e-04  106.8ms/step
13:37:37  INFO  [18/30] step=1550  total=7.2293  render=0.3435  perc=0.0000  depth=0.1820  normal=1.1868  eik=0.1169  sdf0=0.1249  sdf_sign=1.4207  sdf_band=1.1245  bg_sdf=0.0889  bg_alpha=0.0497  sil_bce=0.0472  sil_dice=0.0680  hull=0.1033  lface=0.0938  close=1.3429  β=0.094  lr=2.3e-04  100.2ms/step
13:37:42  INFO  [19/30] step=1600  total=6.8953  render=0.3407  perc=0.0000  depth=0.2400  normal=1.1256  eik=0.1151  sdf0=0.1007  sdf_sign=1.2597  sdf_band=1.2461  bg_sdf=0.0857  bg_alpha=0.0312  sil_bce=0.0238  sil_dice=0.0360  hull=0.1043  lface=0.0493  close=1.2461  β=0.089  lr=2.1e-04  108.4ms/step
13:37:47  INFO  [19/30] step=1650  total=6.6895  render=0.4054  perc=0.0000  depth=0.3246  normal=0.8864  eik=0.1458  sdf0=0.1382  sdf_sign=1.4386  sdf_band=1.2139  bg_sdf=0.0975  bg_alpha=0.0545  sil_bce=0.0277  sil_dice=0.0341  hull=0.1149  lface=0.1218  close=1.2437  β=0.084  lr=1.9e-04  97.4ms/step
13:37:48  INFO    Val loss: 7.3735
13:37:53  INFO  [20/30] step=1700  total=6.8702  render=0.4227  perc=0.0000  depth=0.2652  normal=1.0576  eik=0.1441  sdf0=0.0839  sdf_sign=1.3422  sdf_band=1.2479  bg_sdf=0.0840  bg_alpha=0.0338  sil_bce=0.0277  sil_dice=0.0539  hull=0.0989  lface=0.0899  close=1.3557  β=0.079  lr=1.7e-04  127.8ms/step
13:37:59  INFO  [21/30] step=1750  total=7.9995  render=0.4210  perc=2.2028  depth=0.1662  normal=1.1420  eik=0.1367  sdf0=0.0835  sdf_sign=1.2325  sdf_band=1.2522  bg_sdf=0.0756  bg_alpha=0.0240  sil_bce=0.0279  sil_dice=0.0285  hull=0.1042  lface=0.0316  close=1.2471  β=0.074  lr=1.6e-04  105.9ms/step
13:38:04  INFO  [21/30] step=1800  total=7.9650  render=0.5087  perc=2.0029  depth=0.2816  normal=1.1291  eik=0.1457  sdf0=0.1471  sdf_sign=1.1846  sdf_band=1.2416  bg_sdf=0.0743  bg_alpha=0.0300  sil_bce=0.0256  sil_dice=0.0338  hull=0.0991  lface=0.0237  close=1.3111  β=0.069  lr=1.4e-04  99.4ms/step
13:38:09  INFO  [22/30] step=1850  total=7.2518  render=0.4052  perc=0.0000  depth=0.1062  normal=1.2962  eik=0.1178  sdf0=0.0925  sdf_sign=1.3296  sdf_band=1.1682  bg_sdf=0.0800  bg_alpha=0.0318  sil_bce=0.0213  sil_dice=0.0316  hull=0.0934  lface=0.0560  close=1.3477  β=0.064  lr=1.2e-04  108.7ms/step
13:38:14  INFO  [22/30] step=1900  total=7.3240  render=0.5544  perc=0.0000  depth=0.1755  normal=1.2091  eik=0.1252  sdf0=0.1102  sdf_sign=1.4066  sdf_band=1.2073  bg_sdf=0.0807  bg_alpha=0.0232  sil_bce=0.0364  sil_dice=0.0540  hull=0.0974  lface=0.0813  close=1.3524  β=0.059  lr=1.0e-04  97.6ms/step
13:38:19  INFO  [23/30] step=1950  total=8.9713  render=0.3714  perc=1.6396  depth=0.2273  normal=1.6175  eik=0.1495  sdf0=0.0752  sdf_sign=1.2902  sdf_band=1.2406  bg_sdf=0.0971  bg_alpha=0.0269  sil_bce=0.0124  sil_dice=0.0239  hull=0.1087  lface=0.1078  close=1.2825  β=0.054  lr=9.0e-05  108.4ms/step
13:38:25  INFO  [24/30] step=2000  total=7.7923  render=0.4241  perc=1.8188  depth=0.1548  normal=1.1060  eik=0.1566  sdf0=0.1084  sdf_sign=1.3022  sdf_band=1.1893  bg_sdf=0.0794  bg_alpha=0.0330  sil_bce=0.0229  sil_dice=0.0238  hull=0.1019  lface=0.0766  close=1.3345  β=0.049  lr=7.5e-05  107.4ms/step
13:38:30  INFO  [24/30] step=2050  total=7.0270  render=0.3289  perc=0.0000  depth=0.1817  normal=1.1563  eik=0.1708  sdf0=0.1218  sdf_sign=1.1623  sdf_band=1.1965  bg_sdf=0.0818  bg_alpha=0.0610  sil_bce=0.0438  sil_dice=0.0472  hull=0.1096  lface=0.0633  close=1.3114  β=0.044  lr=6.2e-05  96.5ms/step
13:38:33  INFO    Val loss: 7.5021
13:38:36  INFO  [25/30] step=2100  total=7.3175  render=0.3032  perc=1.1943  depth=0.1694  normal=1.0515  eik=0.1151  sdf0=0.1332  sdf_sign=1.3676  sdf_band=1.1412  bg_sdf=0.0828  bg_alpha=0.0321  sil_bce=0.0255  sil_dice=0.0308  hull=0.1045  lface=0.0670  close=1.2414  β=0.039  lr=5.0e-05  130.9ms/step
13:38:41  INFO  [25/30] step=2150  total=8.1477  render=0.4827  perc=0.7195  depth=0.2830  normal=1.3677  eik=0.1317  sdf0=0.0913  sdf_sign=1.4355  sdf_band=1.2517  bg_sdf=0.0903  bg_alpha=0.0239  sil_bce=0.0349  sil_dice=0.0345  hull=0.1096  lface=0.0883  close=1.3048  β=0.034  lr=4.0e-05  96.5ms/step
13:38:46  INFO  [26/30] step=2200  total=7.2842  render=0.5278  perc=0.0135  depth=0.2489  normal=1.1383  eik=0.1929  sdf0=0.0993  sdf_sign=1.4036  sdf_band=1.2503  bg_sdf=0.0855  bg_alpha=0.0251  sil_bce=0.0359  sil_dice=0.0274  hull=0.1179  lface=0.0886  close=1.2630  β=0.029  lr=3.0e-05  108.5ms/step
13:38:52  INFO  [27/30] step=2250  total=7.1911  render=0.5226  perc=0.0000  depth=0.1095  normal=1.2167  eik=0.1264  sdf0=0.1920  sdf_sign=1.3681  sdf_band=1.0745  bg_sdf=0.0857  bg_alpha=0.0364  sil_bce=0.0121  sil_dice=0.0265  hull=0.0967  lface=0.0493  close=1.2958  β=0.024  lr=2.3e-05  108.2ms/step
13:38:57  INFO  [27/30] step=2300  total=7.2379  render=0.3623  perc=0.0000  depth=0.1807  normal=1.2585  eik=0.1810  sdf0=0.0944  sdf_sign=1.2920  sdf_band=1.1775  bg_sdf=0.0880  bg_alpha=0.0287  sil_bce=0.0225  sil_dice=0.0378  hull=0.1108  lface=0.0745  close=1.3378  β=0.019  lr=1.6e-05  99.8ms/step
13:39:02  INFO  [28/30] step=2350  total=7.8168  render=0.5410  perc=1.9125  depth=0.1458  normal=1.0812  eik=0.1488  sdf0=0.0804  sdf_sign=1.2913  sdf_band=1.2508  bg_sdf=0.0792  bg_alpha=0.0320  sil_bce=0.0230  sil_dice=0.0422  hull=0.0968  lface=0.0408  close=1.3067  β=0.014  lr=1.1e-05  107.3ms/step
13:39:07  INFO  [28/30] step=2400  total=7.6741  render=0.5172  perc=0.0000  depth=0.1725  normal=1.3258  eik=0.2157  sdf0=0.0562  sdf_sign=1.4188  sdf_band=1.2701  bg_sdf=0.0917  bg_alpha=0.0083  sil_bce=0.0211  sil_dice=0.0362  hull=0.1144  lface=0.1200  close=1.3348  β=0.009  lr=7.5e-06  96.8ms/step
13:39:12  INFO  [29/30] step=2450  total=7.5813  render=0.5614  perc=0.0000  depth=0.1389  normal=1.2078  eik=0.1814  sdf0=0.2738  sdf_sign=1.2879  sdf_band=1.1463  bg_sdf=0.0750  bg_alpha=0.0187  sil_bce=0.0668  sil_dice=0.0386  hull=0.1148  lface=0.0740  close=1.2638  β=0.004  lr=5.5e-06  106.3ms/step
13:39:17  INFO    Val loss: 6.8044
13:39:17  INFO    → Best checkpoint saved
13:39:17  INFO  === EVALUATING: ablation_no_depth ===
13:39:17  INFO  Running: /home/osbo/.conda/envs/prism/bin/python evaluate.py --checkpoint experiments/ablation_no_depth/model.pt --out_dir experiments/ablation_no_depth/metrics --n_objects 50
Traceback (most recent call last):
  File "/orcd/home/002/osbo/ondemand/6.S058/evaluate.py", line 308, in <module>
    evaluate(
  File "/orcd/home/002/osbo/ondemand/6.S058/evaluate.py", line 123, in evaluate
    model.load_state_dict(ckpt["model"], strict=False)
  File "/home/osbo/.conda/envs/prism/lib/python3.11/site-packages/torch/nn/modules/module.py", line 2639, in load_state_dict
    raise RuntimeError(
RuntimeError: Error(s) in loading state_dict for PRISM:
	size mismatch for encoder.proj.0.weight: copying a param with shape torch.Size([64, 512]) from checkpoint, the shape in current model is torch.Size([128, 512]).
	size mismatch for encoder.proj.0.bias: copying a param with shape torch.Size([64]) from checkpoint, the shape in current model is torch.Size([128]).
	size mismatch for encoder.proj.1.weight: copying a param with shape torch.Size([64]) from checkpoint, the shape in current model is torch.Size([128]).
	size mismatch for encoder.proj.1.bias: copying a param with shape torch.Size([64]) from checkpoint, the shape in current model is torch.Size([128]).
	size mismatch for encoder.feat_proj.weight: copying a param with shape torch.Size([8, 128, 1, 1]) from checkpoint, the shape in current model is torch.Size([16, 128, 1, 1]).
	size mismatch for encoder.feat_proj.bias: copying a param with shape torch.Size([8]) from checkpoint, the shape in current model is torch.Size([16]).
	size mismatch for sdf_mlp.layers.0.weight: copying a param with shape torch.Size([128, 41]) from checkpoint, the shape in current model is torch.Size([256, 49]).
	size mismatch for sdf_mlp.layers.0.bias: copying a param with shape torch.Size([128]) from checkpoint, the shape in current model is torch.Size([256]).
	size mismatch for sdf_mlp.layers.1.weight: copying a param with shape torch.Size([128, 128]) from checkpoint, the shape in current model is torch.Size([256, 256]).
	size mismatch for sdf_mlp.layers.1.bias: copying a param with shape torch.Size([128]) from checkpoint, the shape in current model is torch.Size([256]).
	size mismatch for sdf_mlp.layers.2.weight: copying a param with shape torch.Size([128, 169]) from checkpoint, the shape in current model is torch.Size([256, 256]).
	size mismatch for sdf_mlp.layers.2.bias: copying a param with shape torch.Size([128]) from checkpoint, the shape in current model is torch.Size([256]).
	size mismatch for sdf_mlp.layers.3.weight: copying a param with shape torch.Size([128, 128]) from checkpoint, the shape in current model is torch.Size([256, 256]).
	size mismatch for sdf_mlp.layers.3.bias: copying a param with shape torch.Size([128]) from checkpoint, the shape in current model is torch.Size([256]).
	size mismatch for sdf_mlp.out.weight: copying a param with shape torch.Size([1, 128]) from checkpoint, the shape in current model is torch.Size([1, 256]).
	size mismatch for sdf_mlp.film_gen.weight: copying a param with shape torch.Size([1024, 64]) from checkpoint, the shape in current model is torch.Size([4096, 128]).
	size mismatch for sdf_mlp.film_gen.bias: copying a param with shape torch.Size([1024]) from checkpoint, the shape in current model is torch.Size([4096]).
	size mismatch for brdf_head.net.0.weight: copying a param with shape torch.Size([128, 64]) from checkpoint, the shape in current model is torch.Size([128, 128]).
	size mismatch for light_head.net.0.weight: copying a param with shape torch.Size([128, 64]) from checkpoint, the shape in current model is torch.Size([128, 128]).
13:39:23  ERROR  Command failed with code 1
