13:42:37  INFO  Reduced model: latent=64  sdf_hidden=128  sdf_layers=4
13:42:37  INFO  Override: lambda_normal = 0.0
13:42:37  INFO  === TRAINING: ablation_no_normal  (30 epochs) ===
13:42:37  INFO  Device: cuda
13:42:40  INFO  Data: train len=333 (333 objects) / val len=18
13:42:44  INFO  [0/30] step=0  total=16.2402  render=0.2280  perc=1.2271  depth=1.2186  normal=1.3318  eik=0.0000  sdf0=0.2994  sdf_sign=1.4237  sdf_band=1.3841  bg_sdf=0.2172  bg_alpha=0.2935  sil_bce=1.6276  sil_dice=0.6183  hull=0.2244  lface=0.0338  close=0.6699  β=0.250  lr=0.0e+00  —
13:42:53  INFO  [0/30] step=50  total=18.2084  render=0.1955  perc=0.7044  depth=0.8441  normal=1.1621  eik=0.0008  sdf0=0.4114  sdf_sign=1.4483  sdf_band=1.4114  bg_sdf=0.2413  bg_alpha=0.0714  sil_bce=2.8799  sil_dice=0.6458  hull=0.2475  lface=0.1135  close=0.6582  β=0.245  lr=5.0e-05  167.9ms/step
13:43:00  WARNING  non-finite grad norm at step 82 — skipping optimizer step
13:43:04  INFO  [1/30] step=100  total=9.5973  render=0.2306  perc=1.7951  depth=0.3625  normal=0.7732  eik=0.0098  sdf0=0.2315  sdf_sign=1.2874  sdf_band=1.3602  bg_sdf=0.2986  bg_alpha=0.1462  sil_bce=0.6166  sil_dice=0.2213  hull=0.3114  lface=0.0904  close=0.5939  β=0.240  lr=1.0e-04  235.4ms/step
13:43:12  INFO  [1/30] step=150  total=10.2824  render=0.3535  perc=0.8601  depth=0.4218  normal=1.0063  eik=0.0174  sdf0=0.1834  sdf_sign=1.3045  sdf_band=1.3629  bg_sdf=0.2953  bg_alpha=0.1329  sil_bce=0.9459  sil_dice=0.2411  hull=0.3089  lface=0.0485  close=0.5999  β=0.235  lr=1.5e-04  150.4ms/step
13:43:20  INFO  [2/30] step=200  total=7.7162  render=0.4323  perc=0.4088  depth=0.3658  normal=1.3868  eik=0.0440  sdf0=0.1746  sdf_sign=1.3104  sdf_band=1.3337  bg_sdf=0.2717  bg_alpha=0.1390  sil_bce=0.2821  sil_dice=0.1574  hull=0.2849  lface=0.0257  close=0.6516  β=0.230  lr=2.0e-04  167.1ms/step
13:43:21  WARNING  non-finite grad norm at step 203 — skipping optimizer step
13:43:26  WARNING  non-finite grad norm at step 235 — skipping optimizer step
13:43:29  INFO  [3/30] step=250  total=6.9707  render=0.5441  perc=0.7625  depth=0.3066  normal=1.4095  eik=0.0672  sdf0=0.2505  sdf_sign=1.2211  sdf_band=1.3066  bg_sdf=0.2445  bg_alpha=0.0947  sil_bce=0.1028  sil_dice=0.0644  hull=0.2622  lface=0.0090  close=0.6726  β=0.225  lr=2.5e-04  169.7ms/step
13:43:36  INFO  [3/30] step=300  total=6.1611  render=0.4399  perc=0.0023  depth=0.1710  normal=0.8542  eik=0.0568  sdf0=0.1640  sdf_sign=1.4250  sdf_band=1.2957  bg_sdf=0.2098  bg_alpha=0.0898  sil_bce=0.1778  sil_dice=0.0954  hull=0.2246  lface=0.0885  close=0.7367  β=0.220  lr=3.0e-04  142.1ms/step
13:43:43  INFO  [4/30] step=350  total=5.8558  render=0.4149  perc=0.0000  depth=0.1339  normal=1.0632  eik=0.0622  sdf0=0.1751  sdf_sign=1.3394  sdf_band=1.2809  bg_sdf=0.1596  bg_alpha=0.0248  sil_bce=0.2532  sil_dice=0.1413  hull=0.1743  lface=0.0655  close=0.8642  β=0.215  lr=3.5e-04  132.1ms/step
13:43:44  WARNING  non-finite grad norm at step 364 — skipping optimizer step
13:43:50  INFO  [4/30] step=400  total=6.7722  render=0.4421  perc=0.0000  depth=0.2403  normal=1.1484  eik=0.1108  sdf0=0.3212  sdf_sign=1.4514  sdf_band=1.1971  bg_sdf=0.1680  bg_alpha=0.0709  sil_bce=0.2726  sil_dice=0.0931  hull=0.1857  lface=0.0522  close=0.9069  β=0.210  lr=4.0e-04  141.9ms/step
13:43:54  INFO    Val loss: 5.4845
13:43:54  INFO    → Best checkpoint saved
13:44:00  INFO  [5/30] step=450  total=6.0482  render=0.4560  perc=0.1283  depth=0.1480  normal=1.1996  eik=0.1513  sdf0=0.2976  sdf_sign=1.4138  sdf_band=1.1870  bg_sdf=0.1256  bg_alpha=0.0531  sil_bce=0.2038  sil_dice=0.0533  hull=0.1530  lface=0.1111  close=1.0952  β=0.205  lr=4.5e-04  205.5ms/step
13:44:07  INFO  [6/30] step=500  total=8.1749  render=0.5076  perc=1.4040  depth=0.1177  normal=1.3327  eik=0.0662  sdf0=0.2852  sdf_sign=1.4133  sdf_band=1.2399  bg_sdf=0.1283  bg_alpha=0.0265  sil_bce=0.7254  sil_dice=0.3276  hull=0.1505  lface=0.0593  close=1.0171  β=0.200  lr=5.0e-04  133.7ms/step
13:44:12  INFO  [6/30] step=550  total=5.9777  render=0.4899  perc=1.3754  depth=0.1363  normal=1.4006  eik=0.0659  sdf0=0.1423  sdf_sign=1.5729  sdf_band=1.2262  bg_sdf=0.1063  bg_alpha=0.0157  sil_bce=0.1013  sil_dice=0.0996  hull=0.1205  lface=0.0414  close=1.1539  β=0.195  lr=5.0e-04  99.7ms/step
13:44:17  INFO  [7/30] step=600  total=5.1235  render=0.4576  perc=0.0000  depth=0.1890  normal=1.2375  eik=0.1019  sdf0=0.1631  sdf_sign=1.2570  sdf_band=1.2548  bg_sdf=0.1018  bg_alpha=0.0239  sil_bce=0.0498  sil_dice=0.0303  hull=0.1304  lface=0.0331  close=1.1823  β=0.190  lr=5.0e-04  113.0ms/step
13:44:22  INFO  [7/30] step=650  total=5.3354  render=0.5674  perc=0.0000  depth=0.1797  normal=1.2632  eik=0.1009  sdf0=0.1381  sdf_sign=1.3277  sdf_band=1.2677  bg_sdf=0.0972  bg_alpha=0.0381  sil_bce=0.0967  sil_dice=0.0374  hull=0.1287  lface=0.0542  close=1.1981  β=0.185  lr=4.9e-04  103.0ms/step
13:44:28  INFO  [8/30] step=700  total=7.7429  render=0.3076  perc=1.6582  depth=0.2515  normal=1.0668  eik=0.1009  sdf0=0.3501  sdf_sign=1.3672  sdf_band=1.1863  bg_sdf=0.1204  bg_alpha=0.0640  sil_bce=0.3910  sil_dice=0.1132  hull=0.1359  lface=0.0781  close=1.0943  β=0.180  lr=4.9e-04  111.1ms/step
13:44:34  INFO  [9/30] step=750  total=5.3489  render=0.5344  perc=0.0000  depth=0.2330  normal=1.3076  eik=0.1045  sdf0=0.1501  sdf_sign=1.3008  sdf_band=1.1872  bg_sdf=0.0989  bg_alpha=0.0504  sil_bce=0.0709  sil_dice=0.0288  hull=0.1233  lface=0.0424  close=1.1402  β=0.175  lr=4.8e-04  112.6ms/step
13:44:38  INFO  [9/30] step=800  total=5.0594  render=0.3152  perc=0.0000  depth=0.1427  normal=1.1207  eik=0.0761  sdf0=0.1788  sdf_sign=1.5397  sdf_band=1.1948  bg_sdf=0.0876  bg_alpha=0.0312  sil_bce=0.0322  sil_dice=0.0242  hull=0.1118  lface=0.1731  close=1.2153  β=0.170  lr=4.7e-04  98.0ms/step
13:44:43  INFO    Val loss: 5.7160
13:44:47  INFO  [10/30] step=850  total=5.7951  render=0.4498  perc=1.0947  depth=0.2172  normal=1.0642  eik=0.0876  sdf0=0.1785  sdf_sign=1.4469  sdf_band=1.1692  bg_sdf=0.0843  bg_alpha=0.0273  sil_bce=0.0432  sil_dice=0.0477  hull=0.1009  lface=0.0722  close=1.2055  β=0.165  lr=4.6e-04  160.7ms/step
13:44:52  INFO  [10/30] step=900  total=4.7431  render=0.3955  perc=0.0000  depth=0.1331  normal=1.1226  eik=0.0988  sdf0=0.1217  sdf_sign=1.3187  sdf_band=1.2172  bg_sdf=0.0823  bg_alpha=0.0204  sil_bce=0.0517  sil_dice=0.0458  hull=0.1091  lface=0.0537  close=1.1654  β=0.160  lr=4.5e-04  99.5ms/step
13:44:57  INFO  [11/30] step=950  total=4.8346  render=0.4268  perc=0.0000  depth=0.0996  normal=1.1739  eik=0.0889  sdf0=0.1959  sdf_sign=1.4080  sdf_band=1.2107  bg_sdf=0.0778  bg_alpha=0.0293  sil_bce=0.0469  sil_dice=0.0421  hull=0.0967  lface=0.0974  close=1.2106  β=0.155  lr=4.4e-04  115.5ms/step
13:45:03  INFO  [12/30] step=1000  total=5.3960  render=0.5602  perc=1.7115  depth=0.0952  normal=1.1533  eik=0.0814  sdf0=0.1293  sdf_sign=1.2589  sdf_band=1.2582  bg_sdf=0.0710  bg_alpha=0.0228  sil_bce=0.0289  sil_dice=0.0244  hull=0.1053  lface=0.0430  close=1.1306  β=0.150  lr=4.3e-04  113.2ms/step
13:45:08  INFO  [12/30] step=1050  total=5.2206  render=0.5090  perc=0.0000  depth=0.2400  normal=1.1476  eik=0.1074  sdf0=0.1073  sdf_sign=1.2784  sdf_band=1.2922  bg_sdf=0.0814  bg_alpha=0.0369  sil_bce=0.0345  sil_dice=0.0284  hull=0.1027  lface=0.0480  close=1.1588  β=0.145  lr=4.1e-04  100.5ms/step
13:45:14  INFO  [13/30] step=1100  total=7.6989  render=0.3774  perc=1.7084  depth=0.1478  normal=1.0396  eik=0.0688  sdf0=0.3100  sdf_sign=1.3672  sdf_band=1.2019  bg_sdf=0.0811  bg_alpha=0.0207  sil_bce=0.5514  sil_dice=0.4125  hull=0.1066  lface=0.0550  close=1.1227  β=0.140  lr=4.0e-04  115.0ms/step
13:45:19  INFO  [13/30] step=1150  total=4.4995  render=0.4336  perc=0.0023  depth=0.0746  normal=1.1643  eik=0.0590  sdf0=0.1179  sdf_sign=1.4650  sdf_band=1.1851  bg_sdf=0.0829  bg_alpha=0.0188  sil_bce=0.0282  sil_dice=0.0369  hull=0.1009  lface=0.0832  close=1.1494  β=0.135  lr=3.8e-04  97.9ms/step
13:45:24  INFO  [14/30] step=1200  total=4.6352  render=0.4670  perc=0.0000  depth=0.1174  normal=1.0367  eik=0.0927  sdf0=0.1581  sdf_sign=1.3198  sdf_band=1.1940  bg_sdf=0.0676  bg_alpha=0.0238  sil_bce=0.0329  sil_dice=0.0279  hull=0.0997  lface=0.0524  close=1.1249  β=0.130  lr=3.6e-04  110.1ms/step
13:45:30  INFO    Val loss: 4.6336
13:45:30  INFO    → Best checkpoint saved
13:45:32  INFO  [15/30] step=1250  total=5.6046  render=0.5122  perc=0.0000  depth=0.2780  normal=1.3856  eik=0.0700  sdf0=0.1378  sdf_sign=1.5372  sdf_band=1.2308  bg_sdf=0.0848  bg_alpha=0.0293  sil_bce=0.0387  sil_dice=0.0346  hull=0.1075  lface=0.1008  close=1.1018  β=0.124  lr=3.5e-04  154.5ms/step
13:45:37  INFO  [15/30] step=1300  total=4.8832  render=0.5669  perc=0.0000  depth=0.1217  normal=1.3307  eik=0.0951  sdf0=0.1908  sdf_sign=1.3316  sdf_band=1.1622  bg_sdf=0.0956  bg_alpha=0.0329  sil_bce=0.0471  sil_dice=0.0509  hull=0.1182  lface=0.0703  close=1.0209  β=0.119  lr=3.3e-04  100.0ms/step
13:45:42  INFO  [16/30] step=1350  total=4.5093  render=0.4976  perc=0.0000  depth=0.0890  normal=1.3291  eik=0.1157  sdf0=0.1048  sdf_sign=1.3132  sdf_band=1.2287  bg_sdf=0.0809  bg_alpha=0.0184  sil_bce=0.0251  sil_dice=0.0194  hull=0.1072  lface=0.0842  close=1.0978  β=0.114  lr=3.1e-04  107.5ms/step
13:45:47  INFO  [16/30] step=1400  total=5.5841  render=0.4818  perc=1.4210  depth=0.1594  normal=0.9892  eik=0.1194  sdf0=0.0987  sdf_sign=1.3983  sdf_band=1.2366  bg_sdf=0.0910  bg_alpha=0.0229  sil_bce=0.0150  sil_dice=0.0204  hull=0.1126  lface=0.0688  close=1.1094  β=0.109  lr=2.9e-04  96.7ms/step
13:45:53  INFO  [17/30] step=1450  total=4.8538  render=0.5339  perc=0.3759  depth=0.1009  normal=1.2801  eik=0.1566  sdf0=0.1272  sdf_sign=1.2144  sdf_band=1.2166  bg_sdf=0.0932  bg_alpha=0.0352  sil_bce=0.0424  sil_dice=0.0250  hull=0.1310  lface=0.0439  close=1.0342  β=0.104  lr=2.7e-04  109.7ms/step
13:45:58  INFO  [18/30] step=1500  total=4.6284  render=0.5235  perc=0.2634  depth=0.0950  normal=1.2149  eik=0.1715  sdf0=0.0889  sdf_sign=1.2315  sdf_band=1.2304  bg_sdf=0.0864  bg_alpha=0.0180  sil_bce=0.0228  sil_dice=0.0368  hull=0.1049  lface=0.0863  close=1.1094  β=0.099  lr=2.5e-04  112.3ms/step
13:46:04  INFO  [18/30] step=1550  total=5.0486  render=0.3615  perc=0.0000  depth=0.1391  normal=1.2298  eik=0.1706  sdf0=0.0997  sdf_sign=1.4448  sdf_band=1.2333  bg_sdf=0.1068  bg_alpha=0.0421  sil_bce=0.0426  sil_dice=0.0366  hull=0.1317  lface=0.0979  close=1.0278  β=0.094  lr=2.3e-04  123.0ms/step
13:46:11  INFO  [19/30] step=1600  total=5.7991  render=0.5342  perc=2.4598  depth=0.1117  normal=1.2322  eik=0.1917  sdf0=0.0760  sdf_sign=1.2411  sdf_band=1.2336  bg_sdf=0.0752  bg_alpha=0.0235  sil_bce=0.0366  sil_dice=0.0370  hull=0.0998  lface=0.0271  close=1.1270  β=0.089  lr=2.1e-04  136.1ms/step
13:46:16  INFO  [19/30] step=1650  total=5.2486  render=0.5170  perc=0.9940  depth=0.0844  normal=1.1718  eik=0.2397  sdf0=0.1386  sdf_sign=1.3840  sdf_band=1.1954  bg_sdf=0.0859  bg_alpha=0.0289  sil_bce=0.0198  sil_dice=0.0230  hull=0.1205  lface=0.0940  close=1.0537  β=0.084  lr=1.9e-04  97.3ms/step
13:46:19  INFO    Val loss: 4.7965
13:46:24  INFO  [20/30] step=1700  total=4.6609  render=0.3739  perc=0.0000  depth=0.1040  normal=1.1193  eik=0.2259  sdf0=0.1400  sdf_sign=1.2238  sdf_band=1.1986  bg_sdf=0.0796  bg_alpha=0.0227  sil_bce=0.0481  sil_dice=0.0546  hull=0.1132  lface=0.0583  close=1.1066  β=0.079  lr=1.7e-04  166.2ms/step
13:46:30  INFO  [21/30] step=1750  total=4.6166  render=0.5981  perc=0.0000  depth=0.1186  normal=1.3932  eik=0.1216  sdf0=0.1223  sdf_sign=1.2863  sdf_band=1.1731  bg_sdf=0.0924  bg_alpha=0.0205  sil_bce=0.0173  sil_dice=0.0270  hull=0.1180  lface=0.0844  close=1.0401  β=0.074  lr=1.6e-04  109.2ms/step
13:46:35  INFO  [21/30] step=1800  total=5.6421  render=0.2708  perc=1.6031  depth=0.1268  normal=1.0609  eik=0.2046  sdf0=0.1130  sdf_sign=1.3885  sdf_band=1.2386  bg_sdf=0.0937  bg_alpha=0.0254  sil_bce=0.0246  sil_dice=0.0327  hull=0.1164  lface=0.0965  close=1.0537  β=0.069  lr=1.4e-04  99.7ms/step
13:46:40  INFO  [22/30] step=1850  total=5.8972  render=0.5161  perc=1.2661  depth=0.2280  normal=1.2163  eik=0.1691  sdf0=0.0852  sdf_sign=1.3696  sdf_band=1.2514  bg_sdf=0.0894  bg_alpha=0.0175  sil_bce=0.0356  sil_dice=0.0465  hull=0.1181  lface=0.1080  close=1.0117  β=0.064  lr=1.2e-04  110.9ms/step
13:46:45  INFO  [22/30] step=1900  total=4.9023  render=0.5424  perc=0.0000  depth=0.1449  normal=1.3305  eik=0.1866  sdf0=0.0828  sdf_sign=1.2655  sdf_band=1.2648  bg_sdf=0.0810  bg_alpha=0.0253  sil_bce=0.0506  sil_dice=0.0538  hull=0.1116  lface=0.0985  close=1.0421  β=0.059  lr=1.0e-04  98.7ms/step
13:46:51  INFO  [23/30] step=1950  total=4.9297  render=0.4627  perc=0.2116  depth=0.1047  normal=0.7194  eik=0.2740  sdf0=0.0826  sdf_sign=1.2878  sdf_band=1.2749  bg_sdf=0.0969  bg_alpha=0.0241  sil_bce=0.0314  sil_dice=0.0338  hull=0.1254  lface=0.1056  close=1.0059  β=0.054  lr=9.0e-05  111.7ms/step
13:46:56  INFO  [24/30] step=2000  total=4.6530  render=0.3987  perc=0.0000  depth=0.0649  normal=1.1255  eik=0.2237  sdf0=0.1471  sdf_sign=1.4560  sdf_band=1.1429  bg_sdf=0.0911  bg_alpha=0.0304  sil_bce=0.0131  sil_dice=0.0160  hull=0.1213  lface=0.1657  close=1.0592  β=0.049  lr=7.5e-05  108.9ms/step
13:47:01  INFO  [24/30] step=2050  total=5.6691  render=0.5576  perc=0.4081  depth=0.2968  normal=1.4259  eik=0.2519  sdf0=0.0757  sdf_sign=1.2433  sdf_band=1.2973  bg_sdf=0.0885  bg_alpha=0.0141  sil_bce=0.0208  sil_dice=0.0292  hull=0.1147  lface=0.0501  close=1.0597  β=0.044  lr=6.2e-05  99.0ms/step
13:47:05  INFO    Val loss: 4.6971
13:47:08  INFO  [25/30] step=2100  total=4.6602  render=0.5562  perc=0.0000  depth=0.1098  normal=1.1329  eik=0.2259  sdf0=0.0813  sdf_sign=1.2318  sdf_band=1.2411  bg_sdf=0.0891  bg_alpha=0.0140  sil_bce=0.0255  sil_dice=0.0235  hull=0.1264  lface=0.1011  close=1.0038  β=0.039  lr=5.0e-05  140.3ms/step
13:47:13  INFO  [25/30] step=2150  total=4.9423  render=0.4079  perc=0.0000  depth=0.1540  normal=0.9133  eik=0.2217  sdf0=0.1116  sdf_sign=1.2662  sdf_band=1.2435  bg_sdf=0.0864  bg_alpha=0.0175  sil_bce=0.0456  sil_dice=0.0588  hull=0.1130  lface=0.1062  close=1.0609  β=0.034  lr=4.0e-05  97.2ms/step
13:47:19  INFO  [26/30] step=2200  total=4.8601  render=0.5116  perc=0.0000  depth=0.1238  normal=1.2505  eik=0.1919  sdf0=0.0962  sdf_sign=1.2762  sdf_band=1.2699  bg_sdf=0.0930  bg_alpha=0.0258  sil_bce=0.0344  sil_dice=0.0335  hull=0.1315  lface=0.1121  close=0.9870  β=0.029  lr=3.0e-05  117.6ms/step
13:47:24  INFO  [27/30] step=2250  total=6.3598  render=0.4856  perc=3.4212  depth=0.0814  normal=1.1394  eik=0.2572  sdf0=0.2432  sdf_sign=1.1601  sdf_band=1.1216  bg_sdf=0.0888  bg_alpha=0.0253  sil_bce=0.0310  sil_dice=0.0235  hull=0.1259  lface=0.0715  close=0.9663  β=0.024  lr=2.3e-05  109.1ms/step
13:47:29  INFO  [27/30] step=2300  total=4.9602  render=0.5424  perc=1.1020  depth=0.0695  normal=1.1935  eik=0.1934  sdf0=0.1047  sdf_sign=1.2029  sdf_band=1.1866  bg_sdf=0.0920  bg_alpha=0.0178  sil_bce=0.0321  sil_dice=0.0371  hull=0.1210  lface=0.0598  close=1.0064  β=0.019  lr=1.6e-05  99.9ms/step
13:47:35  INFO  [28/30] step=2350  total=5.0958  render=0.4810  perc=1.4864  depth=0.0908  normal=1.1417  eik=0.2316  sdf0=0.1761  sdf_sign=1.0515  sdf_band=1.1296  bg_sdf=0.0757  bg_alpha=0.0161  sil_bce=0.0334  sil_dice=0.0246  hull=0.1134  lface=0.0300  close=1.0037  β=0.014  lr=1.1e-05  109.8ms/step
13:47:40  INFO  [28/30] step=2400  total=4.5014  render=0.2081  perc=0.0000  depth=0.0844  normal=1.2599  eik=0.1525  sdf0=0.0786  sdf_sign=1.1773  sdf_band=1.2459  bg_sdf=0.0800  bg_alpha=0.0074  sil_bce=0.1003  sil_dice=0.1179  hull=0.1016  lface=0.0756  close=1.0296  β=0.009  lr=7.5e-06  99.0ms/step
13:47:45  INFO  [29/30] step=2450  total=5.2311  render=0.4199  perc=0.0000  depth=0.1695  normal=1.0383  eik=0.2336  sdf0=0.1276  sdf_sign=1.3224  sdf_band=1.2381  bg_sdf=0.1030  bg_alpha=0.0572  sil_bce=0.0516  sil_dice=0.0372  hull=0.1342  lface=0.0651  close=0.9896  β=0.004  lr=5.5e-06  112.7ms/step
13:47:50  INFO    Val loss: 4.8083
13:47:51  INFO  === EVALUATING: ablation_no_normal ===
13:47:51  INFO  Running: /home/osbo/.conda/envs/prism/bin/python evaluate.py --checkpoint experiments/ablation_no_normal/model.pt --out_dir experiments/ablation_no_normal/metrics --n_objects 50
Traceback (most recent call last):
  File "/orcd/home/002/osbo/ondemand/6.S058/evaluate.py", line 308, in <module>
    evaluate(
  File "/orcd/home/002/osbo/ondemand/6.S058/evaluate.py", line 123, in evaluate
    model.load_state_dict(ckpt["model"], strict=False)
  File "/home/osbo/.conda/envs/prism/lib/python3.11/site-packages/torch/nn/modules/module.py", line 2639, in load_state_dict
    raise RuntimeError(
RuntimeError: Error(s) in loading state_dict for PRISM:
	size mismatch for encoder.proj.0.weight: copying a param with shape torch.Size([64, 512]) from checkpoint, the shape in current model is torch.Size([128, 512]).
	size mismatch for encoder.proj.0.bias: copying a param with shape torch.Size([64]) from checkpoint, the shape in current model is torch.Size([128]).
	size mismatch for encoder.proj.1.weight: copying a param with shape torch.Size([64]) from checkpoint, the shape in current model is torch.Size([128]).
	size mismatch for encoder.proj.1.bias: copying a param with shape torch.Size([64]) from checkpoint, the shape in current model is torch.Size([128]).
	size mismatch for encoder.feat_proj.weight: copying a param with shape torch.Size([8, 128, 1, 1]) from checkpoint, the shape in current model is torch.Size([16, 128, 1, 1]).
	size mismatch for encoder.feat_proj.bias: copying a param with shape torch.Size([8]) from checkpoint, the shape in current model is torch.Size([16]).
	size mismatch for sdf_mlp.layers.0.weight: copying a param with shape torch.Size([128, 41]) from checkpoint, the shape in current model is torch.Size([256, 49]).
	size mismatch for sdf_mlp.layers.0.bias: copying a param with shape torch.Size([128]) from checkpoint, the shape in current model is torch.Size([256]).
	size mismatch for sdf_mlp.layers.1.weight: copying a param with shape torch.Size([128, 128]) from checkpoint, the shape in current model is torch.Size([256, 256]).
	size mismatch for sdf_mlp.layers.1.bias: copying a param with shape torch.Size([128]) from checkpoint, the shape in current model is torch.Size([256]).
	size mismatch for sdf_mlp.layers.2.weight: copying a param with shape torch.Size([128, 169]) from checkpoint, the shape in current model is torch.Size([256, 256]).
	size mismatch for sdf_mlp.layers.2.bias: copying a param with shape torch.Size([128]) from checkpoint, the shape in current model is torch.Size([256]).
	size mismatch for sdf_mlp.layers.3.weight: copying a param with shape torch.Size([128, 128]) from checkpoint, the shape in current model is torch.Size([256, 256]).
	size mismatch for sdf_mlp.layers.3.bias: copying a param with shape torch.Size([128]) from checkpoint, the shape in current model is torch.Size([256]).
	size mismatch for sdf_mlp.out.weight: copying a param with shape torch.Size([1, 128]) from checkpoint, the shape in current model is torch.Size([1, 256]).
	size mismatch for sdf_mlp.film_gen.weight: copying a param with shape torch.Size([1024, 64]) from checkpoint, the shape in current model is torch.Size([4096, 128]).
	size mismatch for sdf_mlp.film_gen.bias: copying a param with shape torch.Size([1024]) from checkpoint, the shape in current model is torch.Size([4096]).
	size mismatch for brdf_head.net.0.weight: copying a param with shape torch.Size([128, 64]) from checkpoint, the shape in current model is torch.Size([128, 128]).
	size mismatch for light_head.net.0.weight: copying a param with shape torch.Size([128, 64]) from checkpoint, the shape in current model is torch.Size([128, 128]).
13:47:59  ERROR  Command failed with code 1
